Analysis & Synthesis report for parte3
Thu Feb 11 16:21:05 2021
Quartus II 64-Bit Version 13.0.1 Build 232 06/12/2013 Service Pack 1 SJ Web Edition


---------------------
; Table of Contents ;
---------------------
  1. Legal Notice
  2. Analysis & Synthesis Summary
  3. Analysis & Synthesis Settings
  4. Parallel Compilation
  5. Analysis & Synthesis Source Files Read
  6. Analysis & Synthesis Resource Usage Summary
  7. Analysis & Synthesis Resource Utilization by Entity
  8. User-Specified and Inferred Latches
  9. General Register Statistics
 10. Inverted Register Statistics
 11. Multiplexer Restructuring Statistics (Restructuring Performed)
 12. Port Connectivity Checks: "choose_data:mux_boladao"
 13. Elapsed Time Per Partition
 14. Analysis & Synthesis Messages
 15. Analysis & Synthesis Suppressed Messages



----------------
; Legal Notice ;
----------------
Copyright (C) 1991-2013 Altera Corporation
Your use of Altera Corporation's design tools, logic functions 
and other software and tools, and its AMPP partner logic 
functions, and any output files from any of the foregoing 
(including device programming or simulation files), and any 
associated documentation or information are expressly subject 
to the terms and conditions of the Altera Program License 
Subscription Agreement, Altera MegaCore Function License 
Agreement, or other applicable license agreement, including, 
without limitation, that your use is for the sole purpose of 
programming logic devices manufactured by Altera and sold by 
Altera or its authorized distributors.  Please refer to the 
applicable agreement for further details.



+--------------------------------------------------------------------------------------+
; Analysis & Synthesis Summary                                                         ;
+------------------------------------+-------------------------------------------------+
; Analysis & Synthesis Status        ; Successful - Thu Feb 11 16:21:05 2021           ;
; Quartus II 64-Bit Version          ; 13.0.1 Build 232 06/12/2013 SP 1 SJ Web Edition ;
; Revision Name                      ; parte3                                          ;
; Top-level Entity Name              ; parte3                                          ;
; Family                             ; Cyclone II                                      ;
; Total logic elements               ; 407                                             ;
;     Total combinational functions  ; 313                                             ;
;     Dedicated logic registers      ; 153                                             ;
; Total registers                    ; 153                                             ;
; Total pins                         ; 24                                              ;
; Total virtual pins                 ; 0                                               ;
; Total memory bits                  ; 0                                               ;
; Embedded Multiplier 9-bit elements ; 0                                               ;
; Total PLLs                         ; 0                                               ;
+------------------------------------+-------------------------------------------------+


+----------------------------------------------------------------------------------------------------------------------+
; Analysis & Synthesis Settings                                                                                        ;
+----------------------------------------------------------------------------+--------------------+--------------------+
; Option                                                                     ; Setting            ; Default Value      ;
+----------------------------------------------------------------------------+--------------------+--------------------+
; Device                                                                     ; EP2C35F672C6       ;                    ;
; Top-level entity name                                                      ; parte3             ; parte3             ;
; Family name                                                                ; Cyclone II         ; Cyclone IV GX      ;
; Use smart compilation                                                      ; Off                ; Off                ;
; Enable parallel Assembler and TimeQuest Timing Analyzer during compilation ; On                 ; On                 ;
; Enable compact report table                                                ; Off                ; Off                ;
; Restructure Multiplexers                                                   ; Auto               ; Auto               ;
; Create Debugging Nodes for IP Cores                                        ; Off                ; Off                ;
; Preserve fewer node names                                                  ; On                 ; On                 ;
; Disable OpenCore Plus hardware evaluation                                  ; Off                ; Off                ;
; Verilog Version                                                            ; Verilog_2001       ; Verilog_2001       ;
; VHDL Version                                                               ; VHDL_1993          ; VHDL_1993          ;
; State Machine Processing                                                   ; Auto               ; Auto               ;
; Safe State Machine                                                         ; Off                ; Off                ;
; Extract Verilog State Machines                                             ; On                 ; On                 ;
; Extract VHDL State Machines                                                ; On                 ; On                 ;
; Ignore Verilog initial constructs                                          ; Off                ; Off                ;
; Iteration limit for constant Verilog loops                                 ; 5000               ; 5000               ;
; Iteration limit for non-constant Verilog loops                             ; 250                ; 250                ;
; Add Pass-Through Logic to Inferred RAMs                                    ; On                 ; On                 ;
; Infer RAMs from Raw Logic                                                  ; On                 ; On                 ;
; Parallel Synthesis                                                         ; On                 ; On                 ;
; DSP Block Balancing                                                        ; Auto               ; Auto               ;
; NOT Gate Push-Back                                                         ; On                 ; On                 ;
; Power-Up Don't Care                                                        ; On                 ; On                 ;
; Remove Redundant Logic Cells                                               ; Off                ; Off                ;
; Remove Duplicate Registers                                                 ; On                 ; On                 ;
; Ignore CARRY Buffers                                                       ; Off                ; Off                ;
; Ignore CASCADE Buffers                                                     ; Off                ; Off                ;
; Ignore GLOBAL Buffers                                                      ; Off                ; Off                ;
; Ignore ROW GLOBAL Buffers                                                  ; Off                ; Off                ;
; Ignore LCELL Buffers                                                       ; Off                ; Off                ;
; Ignore SOFT Buffers                                                        ; On                 ; On                 ;
; Limit AHDL Integers to 32 Bits                                             ; Off                ; Off                ;
; Optimization Technique                                                     ; Balanced           ; Balanced           ;
; Carry Chain Length                                                         ; 70                 ; 70                 ;
; Auto Carry Chains                                                          ; On                 ; On                 ;
; Auto Open-Drain Pins                                                       ; On                 ; On                 ;
; Perform WYSIWYG Primitive Resynthesis                                      ; Off                ; Off                ;
; Auto ROM Replacement                                                       ; On                 ; On                 ;
; Auto RAM Replacement                                                       ; On                 ; On                 ;
; Auto Shift Register Replacement                                            ; Auto               ; Auto               ;
; Allow Shift Register Merging across Hierarchies                            ; Auto               ; Auto               ;
; Auto Clock Enable Replacement                                              ; On                 ; On                 ;
; Strict RAM Replacement                                                     ; Off                ; Off                ;
; Allow Synchronous Control Signals                                          ; On                 ; On                 ;
; Force Use of Synchronous Clear Signals                                     ; Off                ; Off                ;
; Auto RAM to Logic Cell Conversion                                          ; Off                ; Off                ;
; Auto Resource Sharing                                                      ; Off                ; Off                ;
; Allow Any RAM Size For Recognition                                         ; Off                ; Off                ;
; Allow Any ROM Size For Recognition                                         ; Off                ; Off                ;
; Allow Any Shift Register Size For Recognition                              ; Off                ; Off                ;
; Use LogicLock Constraints during Resource Balancing                        ; On                 ; On                 ;
; Ignore translate_off and synthesis_off directives                          ; Off                ; Off                ;
; Timing-Driven Synthesis                                                    ; Off                ; Off                ;
; Report Parameter Settings                                                  ; On                 ; On                 ;
; Report Source Assignments                                                  ; On                 ; On                 ;
; Report Connectivity Checks                                                 ; On                 ; On                 ;
; Ignore Maximum Fan-Out Assignments                                         ; Off                ; Off                ;
; Synchronization Register Chain Length                                      ; 2                  ; 2                  ;
; PowerPlay Power Optimization                                               ; Normal compilation ; Normal compilation ;
; HDL message level                                                          ; Level2             ; Level2             ;
; Suppress Register Optimization Related Messages                            ; Off                ; Off                ;
; Number of Removed Registers Reported in Synthesis Report                   ; 5000               ; 5000               ;
; Number of Swept Nodes Reported in Synthesis Report                         ; 5000               ; 5000               ;
; Number of Inverted Registers Reported in Synthesis Report                  ; 100                ; 100                ;
; Clock MUX Protection                                                       ; On                 ; On                 ;
; Auto Gated Clock Conversion                                                ; Off                ; Off                ;
; Block Design Naming                                                        ; Auto               ; Auto               ;
; SDC constraint protection                                                  ; Off                ; Off                ;
; Synthesis Effort                                                           ; Auto               ; Auto               ;
; Shift Register Replacement - Allow Asynchronous Clear Signal               ; On                 ; On                 ;
; Pre-Mapping Resynthesis Optimization                                       ; Off                ; Off                ;
; Analysis & Synthesis Message Level                                         ; Medium             ; Medium             ;
; Disable Register Merging Across Hierarchies                                ; Auto               ; Auto               ;
; Resource Aware Inference For Block RAM                                     ; On                 ; On                 ;
; Synthesis Seed                                                             ; 1                  ; 1                  ;
+----------------------------------------------------------------------------+--------------------+--------------------+


Parallel compilation was disabled, but you have multiple processors available. Enable parallel compilation to reduce compilation time.
+-------------------------------------+
; Parallel Compilation                ;
+----------------------------+--------+
; Processors                 ; Number ;
+----------------------------+--------+
; Number detected on machine ; 4      ;
; Maximum allowed            ; 1      ;
+----------------------------+--------+


+--------------------------------------------------------------------------------------------------------------------------------------------------------------------------------------------------------------------------------+
; Analysis & Synthesis Source Files Read                                                                                                                                                                                         ;
+----------------------------------+-----------------+------------------------+----------------------------------------------------------------------------------------------------------------------------------------+---------+
; File Name with User-Entered Path ; Used in Netlist ; File Type              ; File Name with Absolute Path                                                                                                           ; Library ;
+----------------------------------+-----------------+------------------------+----------------------------------------------------------------------------------------------------------------------------------------+---------+
; parte3.v                         ; yes             ; User Verilog HDL File  ; C:/Users/Cristhian/Documents/CEFET/6 Semestre (ERE)/LAOC II/Prática 01/Prática 01_3/BrunoRochaRibeiro_CristhianMinoves/parte3/parte3.v ;         ;
+----------------------------------+-----------------+------------------------+----------------------------------------------------------------------------------------------------------------------------------------+---------+


+-----------------------------------------------------+
; Analysis & Synthesis Resource Usage Summary         ;
+---------------------------------------------+-------+
; Resource                                    ; Usage ;
+---------------------------------------------+-------+
; Estimated Total logic elements              ; 407   ;
;                                             ;       ;
; Total combinational functions               ; 313   ;
; Logic element usage by number of LUT inputs ;       ;
;     -- 4 input functions                    ; 214   ;
;     -- 3 input functions                    ; 62    ;
;     -- <=2 input functions                  ; 37    ;
;                                             ;       ;
; Logic elements by mode                      ;       ;
;     -- normal mode                          ; 313   ;
;     -- arithmetic mode                      ; 0     ;
;                                             ;       ;
; Total registers                             ; 153   ;
;     -- Dedicated logic registers            ; 153   ;
;     -- I/O registers                        ; 0     ;
;                                             ;       ;
; I/O pins                                    ; 24    ;
; Embedded Multiplier 9-bit elements          ; 0     ;
; Maximum fan-out node                        ; clock ;
; Maximum fan-out                             ; 153   ;
; Total fan-out                               ; 1558  ;
; Average fan-out                             ; 3.18  ;
+---------------------------------------------+-------+


+-------------------------------------------------------------------------------------------------------------------------------------------------------------------------------------------+
; Analysis & Synthesis Resource Utilization by Entity                                                                                                                                       ;
+------------------------------+-------------------+--------------+-------------+--------------+---------+-----------+------+--------------+---------------------------------+--------------+
; Compilation Hierarchy Node   ; LC Combinationals ; LC Registers ; Memory Bits ; DSP Elements ; DSP 9x9 ; DSP 18x18 ; Pins ; Virtual Pins ; Full Hierarchy Name             ; Library Name ;
+------------------------------+-------------------+--------------+-------------+--------------+---------+-----------+------+--------------+---------------------------------+--------------+
; |parte3                      ; 313 (301)         ; 153 (153)    ; 0           ; 0            ; 0       ; 0         ; 24   ; 0            ; |parte3                         ; work         ;
;    |choose_data:mux_boladao| ; 12 (12)           ; 0 (0)        ; 0           ; 0            ; 0       ; 0         ; 0    ; 0            ; |parte3|choose_data:mux_boladao ; work         ;
+------------------------------+-------------------+--------------+-------------+--------------+---------+-----------+------+--------------+---------------------------------+--------------+
Note: For table entries with two numbers listed, the numbers in parentheses indicate the number of resources of the given type used by the specific entity alone. The numbers listed outside of parentheses indicate the total resources of the given type used by the specific entity and all of its sub-entities in the hierarchy.


+------------------------------------------------------------------------------------------------------------+
; User-Specified and Inferred Latches                                                                        ;
+----------------------------------------------------+------------------------------+------------------------+
; Latch Name                                         ; Latch Enable Signal          ; Free of Timing Hazards ;
+----------------------------------------------------+------------------------------+------------------------+
; choose_data:mux_boladao|s[0]                       ; choose_data:mux_boladao|Mux9 ; yes                    ;
; choose_data:mux_boladao|s[1]                       ; choose_data:mux_boladao|Mux9 ; yes                    ;
; choose_data:mux_boladao|s[2]                       ; choose_data:mux_boladao|Mux9 ; yes                    ;
; Number of user-specified and inferred latches = 3  ;                              ;                        ;
+----------------------------------------------------+------------------------------+------------------------+
Note: All latches listed above may not be present at the end of synthesis due to various synthesis optimizations.


+------------------------------------------------------+
; General Register Statistics                          ;
+----------------------------------------------+-------+
; Statistic                                    ; Value ;
+----------------------------------------------+-------+
; Total registers                              ; 153   ;
; Number of registers using Synchronous Clear  ; 7     ;
; Number of registers using Synchronous Load   ; 11    ;
; Number of registers using Asynchronous Clear ; 0     ;
; Number of registers using Asynchronous Load  ; 0     ;
; Number of registers using Clock Enable       ; 117   ;
; Number of registers using Preset             ; 0     ;
+----------------------------------------------+-------+


+---------------------------------------------------+
; Inverted Register Statistics                      ;
+-----------------------------------------+---------+
; Inverted Register                       ; Fan out ;
+-----------------------------------------+---------+
; cache2[0][8]                            ; 2       ;
; cache3[0][5]                            ; 2       ;
; cache0[0][8]                            ; 2       ;
; cache0[0][3]                            ; 1       ;
; cache1[1][8]                            ; 2       ;
; cache1[0][8]                            ; 2       ;
; cache1[1][4]                            ; 1       ;
; cache1[2][4]                            ; 1       ;
; cache1[2][3]                            ; 1       ;
; cache2[0][0]                            ; 1       ;
; cache0[0][0]                            ; 1       ;
; cache1[1][1]                            ; 1       ;
; cache1[0][1]                            ; 2       ;
; cache1[1][2]                            ; 1       ;
; cache2[0][2]                            ; 1       ;
; cache1[1][7]                            ; 2       ;
; cache1[0][7]                            ; 2       ;
; cache2[0][7]                            ; 2       ;
; cache0[0][7]                            ; 4       ;
; Total number of inverted registers = 19 ;         ;
+-----------------------------------------+---------+


+----------------------------------------------------------------------------------------------------------------------------------------------------+
; Multiplexer Restructuring Statistics (Restructuring Performed)                                                                                     ;
+--------------------+-----------+---------------+----------------------+------------------------+------------+--------------------------------------+
; Multiplexer Inputs ; Bus Width ; Baseline Area ; Area if Restructured ; Saving if Restructured ; Registered ; Example Multiplexer Output           ;
+--------------------+-----------+---------------+----------------------+------------------------+------------+--------------------------------------+
; 6:1                ; 2 bits    ; 8 LEs         ; 2 LEs                ; 6 LEs                  ; Yes        ; |parte3|cache0[3][6]                 ;
; 6:1                ; 2 bits    ; 8 LEs         ; 2 LEs                ; 6 LEs                  ; Yes        ; |parte3|cache1[3][6]                 ;
; 6:1                ; 2 bits    ; 8 LEs         ; 2 LEs                ; 6 LEs                  ; Yes        ; |parte3|cache3[3][6]                 ;
; 7:1                ; 7 bits    ; 28 LEs        ; 28 LEs               ; 0 LEs                  ; Yes        ; |parte3|out_data[2]~reg0             ;
; 8:1                ; 2 bits    ; 10 LEs        ; 4 LEs                ; 6 LEs                  ; Yes        ; |parte3|cache0[2][8]                 ;
; 8:1                ; 2 bits    ; 10 LEs        ; 4 LEs                ; 6 LEs                  ; Yes        ; |parte3|cache1[2][8]                 ;
; 8:1                ; 2 bits    ; 10 LEs        ; 4 LEs                ; 6 LEs                  ; Yes        ; |parte3|cache3[2][6]                 ;
; 7:1                ; 2 bits    ; 8 LEs         ; 4 LEs                ; 4 LEs                  ; Yes        ; |parte3|cache2[3][8]                 ;
; 9:1                ; 2 bits    ; 12 LEs        ; 4 LEs                ; 8 LEs                  ; Yes        ; |parte3|cache2[2][8]                 ;
; 8:1                ; 6 bits    ; 30 LEs        ; 0 LEs                ; 30 LEs                 ; Yes        ; |parte3|cache0[2][3]                 ;
; 8:1                ; 4 bits    ; 20 LEs        ; 0 LEs                ; 20 LEs                 ; Yes        ; |parte3|cache1[2][2]                 ;
; 8:1                ; 6 bits    ; 30 LEs        ; 0 LEs                ; 30 LEs                 ; Yes        ; |parte3|cache3[2][3]                 ;
; 8:1                ; 6 bits    ; 30 LEs        ; 0 LEs                ; 30 LEs                 ; Yes        ; |parte3|cache0[1][4]                 ;
; 8:1                ; 3 bits    ; 15 LEs        ; 0 LEs                ; 15 LEs                 ; Yes        ; |parte3|cache1[1][3]                 ;
; 8:1                ; 6 bits    ; 30 LEs        ; 0 LEs                ; 30 LEs                 ; Yes        ; |parte3|cache3[1][1]                 ;
; 9:1                ; 2 bits    ; 12 LEs        ; 4 LEs                ; 8 LEs                  ; Yes        ; |parte3|cache0[1][8]                 ;
; 9:1                ; 2 bits    ; 12 LEs        ; 4 LEs                ; 8 LEs                  ; Yes        ; |parte3|cache3[1][6]                 ;
; 9:1                ; 6 bits    ; 36 LEs        ; 0 LEs                ; 36 LEs                 ; Yes        ; |parte3|cache0[3][3]                 ;
; 9:1                ; 6 bits    ; 36 LEs        ; 0 LEs                ; 36 LEs                 ; Yes        ; |parte3|cache1[3][5]                 ;
; 9:1                ; 6 bits    ; 36 LEs        ; 0 LEs                ; 36 LEs                 ; Yes        ; |parte3|cache3[3][3]                 ;
; 9:1                ; 6 bits    ; 36 LEs        ; 0 LEs                ; 36 LEs                 ; Yes        ; |parte3|cache2[2][0]                 ;
; 9:1                ; 6 bits    ; 36 LEs        ; 0 LEs                ; 36 LEs                 ; Yes        ; |parte3|cache2[1][5]                 ;
; 10:1               ; 2 bits    ; 12 LEs        ; 4 LEs                ; 8 LEs                  ; Yes        ; |parte3|cache2[1][8]                 ;
; 10:1               ; 2 bits    ; 12 LEs        ; 4 LEs                ; 8 LEs                  ; Yes        ; |parte3|cache3[0][8]                 ;
; 9:1                ; 4 bits    ; 24 LEs        ; 0 LEs                ; 24 LEs                 ; Yes        ; |parte3|cache0[0][2]                 ;
; 9:1                ; 5 bits    ; 30 LEs        ; 0 LEs                ; 30 LEs                 ; Yes        ; |parte3|cache1[0][2]                 ;
; 9:1                ; 5 bits    ; 30 LEs        ; 0 LEs                ; 30 LEs                 ; Yes        ; |parte3|cache3[0][0]                 ;
; 10:1               ; 6 bits    ; 36 LEs        ; 0 LEs                ; 36 LEs                 ; Yes        ; |parte3|cache2[3][1]                 ;
; 10:1               ; 4 bits    ; 24 LEs        ; 0 LEs                ; 24 LEs                 ; Yes        ; |parte3|cache2[0][3]                 ;
; 19:1               ; 2 bits    ; 24 LEs        ; 24 LEs               ; 0 LEs                  ; Yes        ; |parte3|out_data[6]~reg0             ;
; 8:1                ; 2 bits    ; 10 LEs        ; 0 LEs                ; 10 LEs                 ; Yes        ; |parte3|cache1[2][4]                 ;
; 8:1                ; 3 bits    ; 15 LEs        ; 0 LEs                ; 15 LEs                 ; Yes        ; |parte3|cache1[1][1]                 ;
; 9:1                ; 2 bits    ; 12 LEs        ; 0 LEs                ; 12 LEs                 ; Yes        ; |parte3|cache0[0][0]                 ;
; 10:1               ; 2 bits    ; 12 LEs        ; 0 LEs                ; 12 LEs                 ; Yes        ; |parte3|cache2[0][2]                 ;
; 4:1                ; 28 bits   ; 56 LEs        ; 56 LEs               ; 0 LEs                  ; No         ; |parte3|Mux24                        ;
; 3:1                ; 8 bits    ; 16 LEs        ; 8 LEs                ; 8 LEs                  ; No         ; |parte3|cache1                       ;
; 3:1                ; 4 bits    ; 8 LEs         ; 4 LEs                ; 4 LEs                  ; No         ; |parte3|cache1                       ;
; 4:1                ; 3 bits    ; 6 LEs         ; 6 LEs                ; 0 LEs                  ; No         ; |parte3|choose_data:mux_boladao|Mux1 ;
; 4:1                ; 8 bits    ; 16 LEs        ; 8 LEs                ; 8 LEs                  ; No         ; |parte3|cache0                       ;
; 5:1                ; 8 bits    ; 24 LEs        ; 8 LEs                ; 16 LEs                 ; No         ; |parte3|cache3                       ;
+--------------------+-----------+---------------+----------------------+------------------------+------------+--------------------------------------+


+----------------------------------------------------------------------------------------------------------------------------------------------------------------------+
; Port Connectivity Checks: "choose_data:mux_boladao"                                                                                                                  ;
+------+-------+----------+--------------------------------------------------------------------------------------------------------------------------------------------+
; Port ; Type  ; Severity ; Details                                                                                                                                    ;
+------+-------+----------+--------------------------------------------------------------------------------------------------------------------------------------------+
; d0   ; Input ; Warning  ; Input port expression (3 bits) is smaller than the input port (9 bits) it drives.  Extra input bit(s) "d0[8..3]" will be connected to GND. ;
; d1   ; Input ; Warning  ; Input port expression (3 bits) is smaller than the input port (9 bits) it drives.  Extra input bit(s) "d1[8..3]" will be connected to GND. ;
; d2   ; Input ; Warning  ; Input port expression (3 bits) is smaller than the input port (9 bits) it drives.  Extra input bit(s) "d2[8..3]" will be connected to GND. ;
; d3   ; Input ; Warning  ; Input port expression (3 bits) is smaller than the input port (9 bits) it drives.  Extra input bit(s) "d3[8..3]" will be connected to GND. ;
+------+-------+----------+--------------------------------------------------------------------------------------------------------------------------------------------+


+-------------------------------+
; Elapsed Time Per Partition    ;
+----------------+--------------+
; Partition Name ; Elapsed Time ;
+----------------+--------------+
; Top            ; 00:00:04     ;
+----------------+--------------+


+-------------------------------+
; Analysis & Synthesis Messages ;
+-------------------------------+
Info: *******************************************************************
Info: Running Quartus II 64-Bit Analysis & Synthesis
    Info: Version 13.0.1 Build 232 06/12/2013 Service Pack 1 SJ Web Edition
    Info: Processing started: Thu Feb 11 16:20:57 2021
Info: Command: quartus_map --read_settings_files=on --write_settings_files=off parte3 -c parte3
Warning (20028): Parallel compilation is not licensed and has been disabled
Info (12021): Found 2 design units, including 2 entities, in source file parte3.v
    Info (12023): Found entity 1: choose_data
    Info (12023): Found entity 2: parte3
Info (12127): Elaborating entity "parte3" for the top level hierarchy
Warning (10036): Verilog HDL or VHDL warning at parte3.v(34): object "LRU" assigned a value but never read
Warning (10036): Verilog HDL or VHDL warning at parte3.v(35): object "dirty" assigned a value but never read
Warning (10034): Output port "via0" at parte3.v(27) has no driver
Warning (10034): Output port "via1" at parte3.v(27) has no driver
Warning (10034): Output port "via2" at parte3.v(27) has no driver
Warning (10034): Output port "via3" at parte3.v(27) has no driver
Info (12128): Elaborating entity "choose_data" for hierarchy "choose_data:mux_boladao"
Warning (10270): Verilog HDL Case Statement warning at parte3.v(18): incomplete case statement has no default case item
Info (10264): Verilog HDL Case Statement information at parte3.v(18): all case item expressions in this case statement are onehot
Warning (10240): Verilog HDL Always Construct warning at parte3.v(14): inferring latch(es) for variable "s", which holds its previous value in one or more paths through the always construct
Info (10041): Inferred latch for "s[0]" at parte3.v(14)
Info (10041): Inferred latch for "s[1]" at parte3.v(14)
Info (10041): Inferred latch for "s[2]" at parte3.v(14)
Info (10041): Inferred latch for "s[3]" at parte3.v(14)
Info (10041): Inferred latch for "s[4]" at parte3.v(14)
Info (10041): Inferred latch for "s[5]" at parte3.v(14)
Info (10041): Inferred latch for "s[6]" at parte3.v(14)
Info (10041): Inferred latch for "s[7]" at parte3.v(14)
Info (10041): Inferred latch for "s[8]" at parte3.v(14)
Warning (12241): 1 hierarchies have connectivity warnings - see the Connectivity Checks report folder
Warning (13012): Latch choose_data:mux_boladao|s[0] has unsafe behavior
    Warning (13013): Ports D and ENA on the latch are fed by the same signal address[1]
Warning (13012): Latch choose_data:mux_boladao|s[1] has unsafe behavior
    Warning (13013): Ports D and ENA on the latch are fed by the same signal address[0]
Warning (13012): Latch choose_data:mux_boladao|s[2] has unsafe behavior
    Warning (13013): Ports D and ENA on the latch are fed by the same signal address[1]
Warning (13024): Output pins are stuck at VCC or GND
    Warning (13410): Pin "via0" is stuck at GND
    Warning (13410): Pin "via1" is stuck at GND
    Warning (13410): Pin "via2" is stuck at GND
    Warning (13410): Pin "via3" is stuck at GND
Info (144001): Generated suppressed messages file C:/Users/Cristhian/Documents/CEFET/6 Semestre (ERE)/LAOC II/Prática 01/Prática 01_3/BrunoRochaRibeiro_CristhianMinoves/parte3/output_files/parte3.map.smsg
Info (16010): Generating hard_block partition "hard_block:auto_generated_inst"
    Info (16011): Adding 0 node(s), including 0 DDIO, 0 PLL, 0 transceiver and 0 LCELL
Info (21057): Implemented 431 device resources after synthesis - the final resource count might be different
    Info (21058): Implemented 10 input pins
    Info (21059): Implemented 14 output pins
    Info (21061): Implemented 407 logic cells
Info: Quartus II 64-Bit Analysis & Synthesis was successful. 0 errors, 21 warnings
    Info: Peak virtual memory: 4607 megabytes
    Info: Processing ended: Thu Feb 11 16:21:05 2021
    Info: Elapsed time: 00:00:08
    Info: Total CPU time (on all processors): 00:00:07


+------------------------------------------+
; Analysis & Synthesis Suppressed Messages ;
+------------------------------------------+
The suppressed messages can be found in C:/Users/Cristhian/Documents/CEFET/6 Semestre (ERE)/LAOC II/Prática 01/Prática 01_3/BrunoRochaRibeiro_CristhianMinoves/parte3/output_files/parte3.map.smsg.


