TimeQuest Timing Analyzer report for Soma4bits
Thu May 16 15:36:01 2019
Quartus II 32-bit Version 13.0.1 Build 232 06/12/2013 Service Pack 1 SJ Web Edition


---------------------
; Table of Contents ;
---------------------
  1. Legal Notice
  2. TimeQuest Timing Analyzer Summary
  3. Parallel Compilation
  4. Clocks
  5. Slow Model Fmax Summary
  6. Slow Model Setup Summary
  7. Slow Model Hold Summary
  8. Slow Model Recovery Summary
  9. Slow Model Removal Summary
 10. Slow Model Minimum Pulse Width Summary
 11. Propagation Delay
 12. Minimum Propagation Delay
 13. Fast Model Setup Summary
 14. Fast Model Hold Summary
 15. Fast Model Recovery Summary
 16. Fast Model Removal Summary
 17. Fast Model Minimum Pulse Width Summary
 18. Propagation Delay
 19. Minimum Propagation Delay
 20. Multicorner Timing Analysis Summary
 21. Progagation Delay
 22. Minimum Progagation Delay
 23. Clock Transfers
 24. Report TCCS
 25. Report RSKM
 26. Unconstrained Paths
 27. TimeQuest Timing Analyzer Messages



----------------
; Legal Notice ;
----------------
Copyright (C) 1991-2013 Altera Corporation
Your use of Altera Corporation's design tools, logic functions 
and other software and tools, and its AMPP partner logic 
functions, and any output files from any of the foregoing 
(including device programming or simulation files), and any 
associated documentation or information are expressly subject 
to the terms and conditions of the Altera Program License 
Subscription Agreement, Altera MegaCore Function License 
Agreement, or other applicable license agreement, including, 
without limitation, that your use is for the sole purpose of 
programming logic devices manufactured by Altera and sold by 
Altera or its authorized distributors.  Please refer to the 
applicable agreement for further details.



+----------------------------------------------------------------------------------------+
; TimeQuest Timing Analyzer Summary                                                      ;
+--------------------+-------------------------------------------------------------------+
; Quartus II Version ; Version 13.0.1 Build 232 06/12/2013 Service Pack 1 SJ Web Edition ;
; Revision Name      ; Soma4bits                                                         ;
; Device Family      ; Cyclone II                                                        ;
; Device Name        ; EP2C35F672C6                                                      ;
; Timing Models      ; Final                                                             ;
; Delay Model        ; Combined                                                          ;
; Rise/Fall Delays   ; Unavailable                                                       ;
+--------------------+-------------------------------------------------------------------+


Parallel compilation was disabled, but you have multiple processors available. Enable parallel compilation to reduce compilation time.
+-------------------------------------+
; Parallel Compilation                ;
+----------------------------+--------+
; Processors                 ; Number ;
+----------------------------+--------+
; Number detected on machine ; 4      ;
; Maximum allowed            ; 1      ;
+----------------------------+--------+


----------
; Clocks ;
----------
No clocks to report.


---------------------------
; Slow Model Fmax Summary ;
---------------------------
No paths to report.


----------------------------
; Slow Model Setup Summary ;
----------------------------
No paths to report.


---------------------------
; Slow Model Hold Summary ;
---------------------------
No paths to report.


-------------------------------
; Slow Model Recovery Summary ;
-------------------------------
No paths to report.


------------------------------
; Slow Model Removal Summary ;
------------------------------
No paths to report.


------------------------------------------
; Slow Model Minimum Pulse Width Summary ;
------------------------------------------
No paths to report.


+--------------------------------------------------------------+
; Propagation Delay                                            ;
+------------+-------------+--------+--------+--------+--------+
; Input Port ; Output Port ; RR     ; RF     ; FR     ; FF     ;
+------------+-------------+--------+--------+--------+--------+
; n1[0]      ; disp1[0]    ; 15.702 ; 15.702 ; 15.702 ; 15.702 ;
; n1[0]      ; disp1[1]    ; 15.545 ; 15.545 ; 15.545 ; 15.545 ;
; n1[0]      ; disp1[2]    ; 15.526 ; 15.526 ; 15.526 ; 15.526 ;
; n1[0]      ; disp1[3]    ; 14.971 ; 14.971 ; 14.971 ; 14.971 ;
; n1[0]      ; disp1[4]    ; 15.280 ; 15.280 ; 15.280 ; 15.280 ;
; n1[0]      ; disp1[5]    ; 14.679 ; 14.679 ; 14.679 ; 14.679 ;
; n1[0]      ; disp1[6]    ; 15.050 ; 15.050 ; 15.050 ; 15.050 ;
; n1[0]      ; disp2[0]    ; 22.580 ; 22.580 ; 22.580 ; 22.580 ;
; n1[0]      ; disp2[2]    ; 22.456 ; 22.456 ; 22.456 ; 22.456 ;
; n1[0]      ; disp2[3]    ; 22.408 ; 22.408 ; 22.408 ; 22.408 ;
; n1[0]      ; disp2[4]    ; 20.792 ; 20.792 ; 20.792 ; 20.792 ;
; n1[0]      ; disp2[5]    ; 22.413 ; 22.413 ; 22.413 ; 22.413 ;
; n1[0]      ; disp2[6]    ; 13.330 ; 13.330 ; 13.330 ; 13.330 ;
; n1[1]      ; disp1[0]    ; 14.418 ; 14.418 ; 14.418 ; 14.418 ;
; n1[1]      ; disp1[1]    ; 14.261 ; 14.261 ; 14.261 ; 14.261 ;
; n1[1]      ; disp1[2]    ; 14.242 ; 14.242 ; 14.242 ; 14.242 ;
; n1[1]      ; disp1[3]    ; 13.687 ; 13.687 ; 13.687 ; 13.687 ;
; n1[1]      ; disp1[4]    ; 13.996 ; 13.996 ; 13.996 ; 13.996 ;
; n1[1]      ; disp1[5]    ; 13.395 ; 13.395 ; 13.395 ; 13.395 ;
; n1[1]      ; disp1[6]    ; 13.766 ; 13.766 ; 13.766 ; 13.766 ;
; n1[1]      ; disp2[0]    ; 21.296 ; 21.296 ; 21.296 ; 21.296 ;
; n1[1]      ; disp2[2]    ; 21.172 ; 21.172 ; 21.172 ; 21.172 ;
; n1[1]      ; disp2[3]    ; 21.124 ; 21.124 ; 21.124 ; 21.124 ;
; n1[1]      ; disp2[4]    ; 19.508 ; 19.508 ; 19.508 ; 19.508 ;
; n1[1]      ; disp2[5]    ; 21.129 ; 21.129 ; 21.129 ; 21.129 ;
; n1[1]      ; disp2[6]    ; 12.046 ; 12.046 ; 12.046 ; 12.046 ;
; n1[2]      ; disp1[0]    ; 14.953 ; 14.953 ; 14.953 ; 14.953 ;
; n1[2]      ; disp1[1]    ; 14.796 ; 14.796 ; 14.796 ; 14.796 ;
; n1[2]      ; disp1[2]    ; 14.777 ; 14.777 ; 14.777 ; 14.777 ;
; n1[2]      ; disp1[3]    ; 14.222 ; 14.222 ; 14.222 ; 14.222 ;
; n1[2]      ; disp1[4]    ; 14.531 ; 14.531 ; 14.531 ; 14.531 ;
; n1[2]      ; disp1[5]    ; 13.930 ; 13.930 ; 13.930 ; 13.930 ;
; n1[2]      ; disp1[6]    ; 14.301 ; 14.301 ; 14.301 ; 14.301 ;
; n1[2]      ; disp2[0]    ; 21.831 ; 21.831 ; 21.831 ; 21.831 ;
; n1[2]      ; disp2[2]    ; 21.707 ; 21.707 ; 21.707 ; 21.707 ;
; n1[2]      ; disp2[3]    ; 21.659 ; 21.659 ; 21.659 ; 21.659 ;
; n1[2]      ; disp2[4]    ; 20.043 ; 20.043 ; 20.043 ; 20.043 ;
; n1[2]      ; disp2[5]    ; 21.664 ; 21.664 ; 21.664 ; 21.664 ;
; n1[2]      ; disp2[6]    ; 12.581 ; 12.581 ; 12.581 ; 12.581 ;
; n1[3]      ; disp1[0]    ; 13.717 ; 13.717 ; 13.717 ; 13.717 ;
; n1[3]      ; disp1[1]    ; 13.560 ; 13.560 ; 13.560 ; 13.560 ;
; n1[3]      ; disp1[2]    ; 13.541 ; 13.541 ; 13.541 ; 13.541 ;
; n1[3]      ; disp1[3]    ; 12.986 ; 12.986 ; 12.986 ; 12.986 ;
; n1[3]      ; disp1[4]    ; 13.295 ; 13.295 ; 13.295 ; 13.295 ;
; n1[3]      ; disp1[5]    ; 12.694 ; 12.694 ; 12.694 ; 12.694 ;
; n1[3]      ; disp1[6]    ; 13.065 ; 13.065 ; 13.065 ; 13.065 ;
; n1[3]      ; disp2[0]    ; 20.595 ; 20.595 ; 20.595 ; 20.595 ;
; n1[3]      ; disp2[2]    ; 20.471 ; 20.471 ; 20.471 ; 20.471 ;
; n1[3]      ; disp2[3]    ; 20.423 ; 20.423 ; 20.423 ; 20.423 ;
; n1[3]      ; disp2[4]    ; 18.807 ; 18.807 ; 18.807 ; 18.807 ;
; n1[3]      ; disp2[5]    ; 20.428 ; 20.428 ; 20.428 ; 20.428 ;
; n1[3]      ; disp2[6]    ; 11.345 ; 11.345 ; 11.345 ; 11.345 ;
; n2[0]      ; disp1[0]    ; 19.564 ; 19.564 ; 19.564 ; 19.564 ;
; n2[0]      ; disp1[1]    ; 19.407 ; 19.407 ; 19.407 ; 19.407 ;
; n2[0]      ; disp1[2]    ; 19.388 ; 19.388 ; 19.388 ; 19.388 ;
; n2[0]      ; disp1[3]    ; 18.833 ; 18.833 ; 18.833 ; 18.833 ;
; n2[0]      ; disp1[4]    ; 19.142 ; 19.142 ; 19.142 ; 19.142 ;
; n2[0]      ; disp1[5]    ; 18.541 ; 18.541 ; 18.541 ; 18.541 ;
; n2[0]      ; disp1[6]    ; 18.912 ; 18.912 ; 18.912 ; 18.912 ;
; n2[0]      ; disp2[0]    ; 26.442 ; 26.442 ; 26.442 ; 26.442 ;
; n2[0]      ; disp2[2]    ; 26.318 ; 26.318 ; 26.318 ; 26.318 ;
; n2[0]      ; disp2[3]    ; 26.270 ; 26.270 ; 26.270 ; 26.270 ;
; n2[0]      ; disp2[4]    ; 24.654 ; 24.654 ; 24.654 ; 24.654 ;
; n2[0]      ; disp2[5]    ; 26.275 ; 26.275 ; 26.275 ; 26.275 ;
; n2[0]      ; disp2[6]    ; 17.192 ; 17.192 ; 17.192 ; 17.192 ;
; n2[1]      ; disp1[0]    ; 18.509 ; 18.509 ; 18.509 ; 18.509 ;
; n2[1]      ; disp1[1]    ; 18.352 ; 18.352 ; 18.352 ; 18.352 ;
; n2[1]      ; disp1[2]    ; 18.333 ; 18.333 ; 18.333 ; 18.333 ;
; n2[1]      ; disp1[3]    ; 17.778 ; 17.778 ; 17.778 ; 17.778 ;
; n2[1]      ; disp1[4]    ; 18.087 ; 18.087 ; 18.087 ; 18.087 ;
; n2[1]      ; disp1[5]    ; 17.486 ; 17.486 ; 17.486 ; 17.486 ;
; n2[1]      ; disp1[6]    ; 17.857 ; 17.857 ; 17.857 ; 17.857 ;
; n2[1]      ; disp2[0]    ; 25.387 ; 25.387 ; 25.387 ; 25.387 ;
; n2[1]      ; disp2[2]    ; 25.263 ; 25.263 ; 25.263 ; 25.263 ;
; n2[1]      ; disp2[3]    ; 25.215 ; 25.215 ; 25.215 ; 25.215 ;
; n2[1]      ; disp2[4]    ; 23.599 ; 23.599 ; 23.599 ; 23.599 ;
; n2[1]      ; disp2[5]    ; 25.220 ; 25.220 ; 25.220 ; 25.220 ;
; n2[1]      ; disp2[6]    ; 16.137 ; 16.137 ; 16.137 ; 16.137 ;
; n2[2]      ; disp1[0]    ; 18.975 ; 18.975 ; 18.975 ; 18.975 ;
; n2[2]      ; disp1[1]    ; 18.818 ; 18.818 ; 18.818 ; 18.818 ;
; n2[2]      ; disp1[2]    ; 18.799 ; 18.799 ; 18.799 ; 18.799 ;
; n2[2]      ; disp1[3]    ; 18.244 ; 18.244 ; 18.244 ; 18.244 ;
; n2[2]      ; disp1[4]    ; 18.553 ; 18.553 ; 18.553 ; 18.553 ;
; n2[2]      ; disp1[5]    ; 17.952 ; 17.952 ; 17.952 ; 17.952 ;
; n2[2]      ; disp1[6]    ; 18.323 ; 18.323 ; 18.323 ; 18.323 ;
; n2[2]      ; disp2[0]    ; 25.853 ; 25.853 ; 25.853 ; 25.853 ;
; n2[2]      ; disp2[2]    ; 25.729 ; 25.729 ; 25.729 ; 25.729 ;
; n2[2]      ; disp2[3]    ; 25.681 ; 25.681 ; 25.681 ; 25.681 ;
; n2[2]      ; disp2[4]    ; 24.065 ; 24.065 ; 24.065 ; 24.065 ;
; n2[2]      ; disp2[5]    ; 25.686 ; 25.686 ; 25.686 ; 25.686 ;
; n2[2]      ; disp2[6]    ; 16.603 ; 16.603 ; 16.603 ; 16.603 ;
; n2[3]      ; disp1[0]    ; 17.478 ; 17.478 ; 17.478 ; 17.478 ;
; n2[3]      ; disp1[1]    ; 17.321 ; 17.321 ; 17.321 ; 17.321 ;
; n2[3]      ; disp1[2]    ; 17.302 ; 17.302 ; 17.302 ; 17.302 ;
; n2[3]      ; disp1[3]    ; 16.747 ; 16.747 ; 16.747 ; 16.747 ;
; n2[3]      ; disp1[4]    ; 17.056 ; 17.056 ; 17.056 ; 17.056 ;
; n2[3]      ; disp1[5]    ; 16.455 ; 16.455 ; 16.455 ; 16.455 ;
; n2[3]      ; disp1[6]    ; 16.826 ; 16.826 ; 16.826 ; 16.826 ;
; n2[3]      ; disp2[0]    ; 24.431 ; 24.356 ; 24.356 ; 24.431 ;
; n2[3]      ; disp2[2]    ; 24.232 ; 24.307 ; 24.307 ; 24.232 ;
; n2[3]      ; disp2[3]    ; 24.259 ; 24.184 ; 24.184 ; 24.259 ;
; n2[3]      ; disp2[4]    ; 22.643 ; 22.568 ; 22.568 ; 22.643 ;
; n2[3]      ; disp2[5]    ; 24.264 ; 24.189 ; 24.189 ; 24.264 ;
; n2[3]      ; disp2[6]    ; 15.106 ; 15.181 ; 15.181 ; 15.106 ;
; tr0        ; disp1[0]    ; 15.296 ; 15.296 ; 15.296 ; 15.296 ;
; tr0        ; disp1[1]    ; 15.139 ; 15.139 ; 15.139 ; 15.139 ;
; tr0        ; disp1[2]    ; 15.120 ; 15.120 ; 15.120 ; 15.120 ;
; tr0        ; disp1[3]    ; 14.565 ; 14.565 ; 14.565 ; 14.565 ;
; tr0        ; disp1[4]    ; 14.874 ; 14.874 ; 14.874 ; 14.874 ;
; tr0        ; disp1[5]    ; 14.273 ; 14.273 ; 14.273 ; 14.273 ;
; tr0        ; disp1[6]    ; 14.644 ; 14.644 ; 14.644 ; 14.644 ;
; tr0        ; disp2[0]    ; 22.174 ; 22.174 ; 22.174 ; 22.174 ;
; tr0        ; disp2[2]    ; 22.050 ; 22.050 ; 22.050 ; 22.050 ;
; tr0        ; disp2[3]    ; 22.002 ; 22.002 ; 22.002 ; 22.002 ;
; tr0        ; disp2[4]    ; 20.386 ; 20.386 ; 20.386 ; 20.386 ;
; tr0        ; disp2[5]    ; 22.007 ; 22.007 ; 22.007 ; 22.007 ;
; tr0        ; disp2[6]    ; 12.924 ; 12.924 ; 12.924 ; 12.924 ;
+------------+-------------+--------+--------+--------+--------+


+--------------------------------------------------------------+
; Minimum Propagation Delay                                    ;
+------------+-------------+--------+--------+--------+--------+
; Input Port ; Output Port ; RR     ; RF     ; FR     ; FF     ;
+------------+-------------+--------+--------+--------+--------+
; n1[0]      ; disp1[0]    ; 8.513  ; 8.513  ; 8.513  ; 8.513  ;
; n1[0]      ; disp1[1]    ; 8.323  ; 8.323  ; 8.323  ; 8.323  ;
; n1[0]      ; disp1[2]    ; 8.296  ; 8.296  ; 8.296  ; 8.296  ;
; n1[0]      ; disp1[3]    ; 8.975  ; 8.975  ; 8.975  ; 8.975  ;
; n1[0]      ; disp1[4]    ; 8.061  ; 8.061  ; 8.061  ; 8.061  ;
; n1[0]      ; disp1[5]    ; 8.704  ; 8.704  ; 8.704  ; 8.704  ;
; n1[0]      ; disp1[6]    ; 8.436  ; 8.436  ; 8.436  ; 8.436  ;
; n1[0]      ; disp2[0]    ; 13.016 ; 13.016 ; 13.016 ; 13.016 ;
; n1[0]      ; disp2[2]    ; 12.843 ; 12.843 ; 12.843 ; 12.843 ;
; n1[0]      ; disp2[3]    ; 12.844 ; 12.844 ; 12.844 ; 12.844 ;
; n1[0]      ; disp2[4]    ; 11.896 ; 11.896 ; 11.896 ; 11.896 ;
; n1[0]      ; disp2[5]    ; 12.800 ; 12.800 ; 12.800 ; 12.800 ;
; n1[0]      ; disp2[6]    ; 12.238 ; 12.238 ; 12.238 ; 12.238 ;
; n1[1]      ; disp1[0]    ; 9.189  ; 9.189  ; 9.189  ; 9.189  ;
; n1[1]      ; disp1[1]    ; 8.991  ; 8.991  ; 8.991  ; 8.991  ;
; n1[1]      ; disp1[2]    ; 8.973  ; 8.973  ; 8.973  ; 8.973  ;
; n1[1]      ; disp1[3]    ; 9.665  ; 9.665  ; 9.665  ; 9.665  ;
; n1[1]      ; disp1[4]    ; 8.729  ; 8.729  ; 8.729  ; 8.729  ;
; n1[1]      ; disp1[5]    ; 9.402  ; 9.402  ; 9.402  ; 9.402  ;
; n1[1]      ; disp1[6]    ; 9.439  ; 9.439  ; 9.439  ; 9.439  ;
; n1[1]      ; disp2[0]    ; 11.704 ; 11.704 ; 11.704 ; 11.704 ;
; n1[1]      ; disp2[2]    ; 11.531 ; 11.531 ; 11.531 ; 11.531 ;
; n1[1]      ; disp2[3]    ; 11.532 ; 11.532 ; 11.532 ; 11.532 ;
; n1[1]      ; disp2[4]    ; 10.586 ; 10.586 ; 10.586 ; 10.586 ;
; n1[1]      ; disp2[5]    ; 11.488 ; 11.488 ; 11.488 ; 11.488 ;
; n1[1]      ; disp2[6]    ; 10.926 ; 10.926 ; 10.926 ; 10.926 ;
; n1[2]      ; disp1[0]    ; 10.478 ; 10.478 ; 10.478 ; 10.478 ;
; n1[2]      ; disp1[1]    ; 10.321 ; 10.321 ; 10.321 ; 10.321 ;
; n1[2]      ; disp1[2]    ; 10.302 ; 10.302 ; 10.302 ; 10.302 ;
; n1[2]      ; disp1[3]    ; 9.367  ; 9.367  ; 9.367  ; 9.367  ;
; n1[2]      ; disp1[4]    ; 10.056 ; 10.056 ; 10.056 ; 10.056 ;
; n1[2]      ; disp1[5]    ; 9.302  ; 9.302  ; 9.302  ; 9.302  ;
; n1[2]      ; disp1[6]    ; 9.650  ; 9.650  ; 9.650  ; 9.650  ;
; n1[2]      ; disp2[0]    ; 12.234 ; 11.781 ; 11.781 ; 12.234 ;
; n1[2]      ; disp2[2]    ; 11.608 ; 12.061 ; 12.061 ; 11.608 ;
; n1[2]      ; disp2[3]    ; 12.062 ; 11.609 ; 11.609 ; 12.062 ;
; n1[2]      ; disp2[4]    ; 11.490 ; 11.490 ; 11.490 ; 11.490 ;
; n1[2]      ; disp2[5]    ; 11.565 ; 12.018 ; 12.018 ; 11.565 ;
; n1[2]      ; disp2[6]    ; 11.456 ; 11.003 ; 11.003 ; 11.456 ;
; n1[3]      ; disp1[0]    ; 10.315 ; 10.315 ; 10.315 ; 10.315 ;
; n1[3]      ; disp1[1]    ; 10.158 ; 10.158 ; 10.158 ; 10.158 ;
; n1[3]      ; disp1[2]    ; 10.139 ; 10.139 ; 10.139 ; 10.139 ;
; n1[3]      ; disp1[3]    ; 9.204  ; 9.204  ; 9.204  ; 9.204  ;
; n1[3]      ; disp1[4]    ; 9.893  ; 9.893  ; 9.893  ; 9.893  ;
; n1[3]      ; disp1[5]    ; 9.139  ; 9.139  ; 9.139  ; 9.139  ;
; n1[3]      ; disp1[6]    ; 9.487  ; 9.487  ; 9.487  ; 9.487  ;
; n1[3]      ; disp2[0]    ; 12.123 ; 11.984 ; 11.984 ; 12.123 ;
; n1[3]      ; disp2[2]    ; 11.811 ; 11.950 ; 11.950 ; 11.811 ;
; n1[3]      ; disp2[3]    ; 11.951 ; 11.812 ; 11.812 ; 11.951 ;
; n1[3]      ; disp2[4]    ; 11.414 ; 11.414 ; 11.414 ; 11.414 ;
; n1[3]      ; disp2[5]    ; 11.768 ; 11.907 ; 11.907 ; 11.768 ;
; n1[3]      ; disp2[6]    ; 11.345 ; 11.206 ; 11.206 ; 11.345 ;
; n2[0]      ; disp1[0]    ; 12.370 ; 12.370 ; 12.370 ; 12.370 ;
; n2[0]      ; disp1[1]    ; 12.180 ; 12.180 ; 12.180 ; 12.180 ;
; n2[0]      ; disp1[2]    ; 12.153 ; 12.153 ; 12.153 ; 12.153 ;
; n2[0]      ; disp1[3]    ; 12.832 ; 12.832 ; 12.832 ; 12.832 ;
; n2[0]      ; disp1[4]    ; 11.918 ; 11.918 ; 11.918 ; 11.918 ;
; n2[0]      ; disp1[5]    ; 12.561 ; 12.561 ; 12.561 ; 12.561 ;
; n2[0]      ; disp1[6]    ; 12.293 ; 12.293 ; 12.293 ; 12.293 ;
; n2[0]      ; disp2[0]    ; 16.878 ; 16.878 ; 16.878 ; 16.878 ;
; n2[0]      ; disp2[2]    ; 16.705 ; 16.705 ; 16.705 ; 16.705 ;
; n2[0]      ; disp2[3]    ; 16.706 ; 16.706 ; 16.706 ; 16.706 ;
; n2[0]      ; disp2[4]    ; 15.758 ; 15.758 ; 15.758 ; 15.758 ;
; n2[0]      ; disp2[5]    ; 16.662 ; 16.662 ; 16.662 ; 16.662 ;
; n2[0]      ; disp2[6]    ; 16.100 ; 16.100 ; 16.100 ; 16.100 ;
; n2[1]      ; disp1[0]    ; 13.306 ; 13.306 ; 13.306 ; 13.306 ;
; n2[1]      ; disp1[1]    ; 13.108 ; 13.108 ; 13.108 ; 13.108 ;
; n2[1]      ; disp1[2]    ; 13.090 ; 13.090 ; 13.090 ; 13.090 ;
; n2[1]      ; disp1[3]    ; 13.781 ; 13.781 ; 13.781 ; 13.781 ;
; n2[1]      ; disp1[4]    ; 12.846 ; 12.846 ; 12.846 ; 12.846 ;
; n2[1]      ; disp1[5]    ; 13.518 ; 13.518 ; 13.518 ; 13.518 ;
; n2[1]      ; disp1[6]    ; 13.555 ; 13.555 ; 13.555 ; 13.555 ;
; n2[1]      ; disp2[0]    ; 15.822 ; 15.822 ; 15.822 ; 15.822 ;
; n2[1]      ; disp2[2]    ; 15.649 ; 15.649 ; 15.649 ; 15.649 ;
; n2[1]      ; disp2[3]    ; 15.650 ; 15.650 ; 15.650 ; 15.650 ;
; n2[1]      ; disp2[4]    ; 14.706 ; 14.706 ; 14.706 ; 14.706 ;
; n2[1]      ; disp2[5]    ; 15.606 ; 15.606 ; 15.606 ; 15.606 ;
; n2[1]      ; disp2[6]    ; 15.044 ; 15.044 ; 15.044 ; 15.044 ;
; n2[2]      ; disp1[0]    ; 14.528 ; 14.528 ; 14.528 ; 14.528 ;
; n2[2]      ; disp1[1]    ; 14.371 ; 14.371 ; 14.371 ; 14.371 ;
; n2[2]      ; disp1[2]    ; 14.352 ; 14.352 ; 14.352 ; 14.352 ;
; n2[2]      ; disp1[3]    ; 13.417 ; 13.417 ; 13.417 ; 13.417 ;
; n2[2]      ; disp1[4]    ; 14.106 ; 14.106 ; 14.106 ; 14.106 ;
; n2[2]      ; disp1[5]    ; 13.352 ; 13.352 ; 13.352 ; 13.352 ;
; n2[2]      ; disp1[6]    ; 13.700 ; 13.700 ; 13.700 ; 13.700 ;
; n2[2]      ; disp2[0]    ; 16.293 ; 15.842 ; 15.842 ; 16.293 ;
; n2[2]      ; disp2[2]    ; 15.669 ; 16.120 ; 16.120 ; 15.669 ;
; n2[2]      ; disp2[3]    ; 16.121 ; 15.670 ; 15.670 ; 16.121 ;
; n2[2]      ; disp2[4]    ; 15.549 ; 15.549 ; 15.549 ; 15.549 ;
; n2[2]      ; disp2[5]    ; 15.626 ; 16.077 ; 16.077 ; 15.626 ;
; n2[2]      ; disp2[6]    ; 15.515 ; 15.064 ; 15.064 ; 15.515 ;
; n2[3]      ; disp1[0]    ; 14.076 ; 14.076 ; 14.076 ; 14.076 ;
; n2[3]      ; disp1[1]    ; 13.919 ; 13.919 ; 13.919 ; 13.919 ;
; n2[3]      ; disp1[2]    ; 13.900 ; 13.900 ; 13.900 ; 13.900 ;
; n2[3]      ; disp1[3]    ; 12.965 ; 12.965 ; 12.965 ; 12.965 ;
; n2[3]      ; disp1[4]    ; 13.654 ; 13.654 ; 13.654 ; 13.654 ;
; n2[3]      ; disp1[5]    ; 12.900 ; 12.900 ; 12.900 ; 12.900 ;
; n2[3]      ; disp1[6]    ; 13.248 ; 13.248 ; 13.248 ; 13.248 ;
; n2[3]      ; disp2[0]    ; 15.884 ; 15.744 ; 15.744 ; 15.884 ;
; n2[3]      ; disp2[2]    ; 15.571 ; 15.711 ; 15.711 ; 15.571 ;
; n2[3]      ; disp2[3]    ; 15.712 ; 15.572 ; 15.572 ; 15.712 ;
; n2[3]      ; disp2[4]    ; 15.175 ; 15.175 ; 15.175 ; 15.175 ;
; n2[3]      ; disp2[5]    ; 15.528 ; 15.668 ; 15.668 ; 15.528 ;
; n2[3]      ; disp2[6]    ; 15.106 ; 14.966 ; 14.966 ; 15.106 ;
; tr0        ; disp1[0]    ; 8.106  ; 8.106  ; 8.106  ; 8.106  ;
; tr0        ; disp1[1]    ; 7.916  ; 7.916  ; 7.916  ; 7.916  ;
; tr0        ; disp1[2]    ; 7.889  ; 7.889  ; 7.889  ; 7.889  ;
; tr0        ; disp1[3]    ; 8.568  ; 8.568  ; 8.568  ; 8.568  ;
; tr0        ; disp1[4]    ; 7.654  ; 7.654  ; 7.654  ; 7.654  ;
; tr0        ; disp1[5]    ; 8.297  ; 8.297  ; 8.297  ; 8.297  ;
; tr0        ; disp1[6]    ; 8.029  ; 8.029  ; 8.029  ; 8.029  ;
; tr0        ; disp2[0]    ; 12.610 ; 12.610 ; 12.610 ; 12.610 ;
; tr0        ; disp2[2]    ; 12.437 ; 12.437 ; 12.437 ; 12.437 ;
; tr0        ; disp2[3]    ; 12.438 ; 12.438 ; 12.438 ; 12.438 ;
; tr0        ; disp2[4]    ; 11.490 ; 11.490 ; 11.490 ; 11.490 ;
; tr0        ; disp2[5]    ; 12.394 ; 12.394 ; 12.394 ; 12.394 ;
; tr0        ; disp2[6]    ; 11.832 ; 11.832 ; 11.832 ; 11.832 ;
+------------+-------------+--------+--------+--------+--------+


----------------------------
; Fast Model Setup Summary ;
----------------------------
No paths to report.


---------------------------
; Fast Model Hold Summary ;
---------------------------
No paths to report.


-------------------------------
; Fast Model Recovery Summary ;
-------------------------------
No paths to report.


------------------------------
; Fast Model Removal Summary ;
------------------------------
No paths to report.


------------------------------------------
; Fast Model Minimum Pulse Width Summary ;
------------------------------------------
No paths to report.


+--------------------------------------------------------------+
; Propagation Delay                                            ;
+------------+-------------+--------+--------+--------+--------+
; Input Port ; Output Port ; RR     ; RF     ; FR     ; FF     ;
+------------+-------------+--------+--------+--------+--------+
; n1[0]      ; disp1[0]    ; 7.448  ; 7.448  ; 7.448  ; 7.448  ;
; n1[0]      ; disp1[1]    ; 7.346  ; 7.346  ; 7.346  ; 7.346  ;
; n1[0]      ; disp1[2]    ; 7.350  ; 7.350  ; 7.350  ; 7.350  ;
; n1[0]      ; disp1[3]    ; 7.164  ; 7.164  ; 7.164  ; 7.164  ;
; n1[0]      ; disp1[4]    ; 7.228  ; 7.228  ; 7.228  ; 7.228  ;
; n1[0]      ; disp1[5]    ; 7.030  ; 7.030  ; 7.030  ; 7.030  ;
; n1[0]      ; disp1[6]    ; 7.169  ; 7.169  ; 7.169  ; 7.169  ;
; n1[0]      ; disp2[0]    ; 10.881 ; 10.881 ; 10.881 ; 10.881 ;
; n1[0]      ; disp2[2]    ; 10.751 ; 10.751 ; 10.751 ; 10.751 ;
; n1[0]      ; disp2[3]    ; 10.747 ; 10.747 ; 10.747 ; 10.747 ;
; n1[0]      ; disp2[4]    ; 10.016 ; 10.016 ; 10.016 ; 10.016 ;
; n1[0]      ; disp2[5]    ; 10.718 ; 10.718 ; 10.718 ; 10.718 ;
; n1[0]      ; disp2[6]    ; 6.483  ; 6.483  ; 6.483  ; 6.483  ;
; n1[1]      ; disp1[0]    ; 6.869  ; 6.869  ; 6.869  ; 6.869  ;
; n1[1]      ; disp1[1]    ; 6.767  ; 6.767  ; 6.767  ; 6.767  ;
; n1[1]      ; disp1[2]    ; 6.771  ; 6.771  ; 6.771  ; 6.771  ;
; n1[1]      ; disp1[3]    ; 6.585  ; 6.585  ; 6.585  ; 6.585  ;
; n1[1]      ; disp1[4]    ; 6.649  ; 6.649  ; 6.649  ; 6.649  ;
; n1[1]      ; disp1[5]    ; 6.451  ; 6.451  ; 6.451  ; 6.451  ;
; n1[1]      ; disp1[6]    ; 6.590  ; 6.590  ; 6.590  ; 6.590  ;
; n1[1]      ; disp2[0]    ; 10.302 ; 10.302 ; 10.302 ; 10.302 ;
; n1[1]      ; disp2[2]    ; 10.172 ; 10.172 ; 10.172 ; 10.172 ;
; n1[1]      ; disp2[3]    ; 10.168 ; 10.168 ; 10.168 ; 10.168 ;
; n1[1]      ; disp2[4]    ; 9.437  ; 9.437  ; 9.437  ; 9.437  ;
; n1[1]      ; disp2[5]    ; 10.139 ; 10.139 ; 10.139 ; 10.139 ;
; n1[1]      ; disp2[6]    ; 5.904  ; 5.904  ; 5.904  ; 5.904  ;
; n1[2]      ; disp1[0]    ; 7.130  ; 7.130  ; 7.130  ; 7.130  ;
; n1[2]      ; disp1[1]    ; 7.028  ; 7.028  ; 7.028  ; 7.028  ;
; n1[2]      ; disp1[2]    ; 7.032  ; 7.032  ; 7.032  ; 7.032  ;
; n1[2]      ; disp1[3]    ; 6.846  ; 6.846  ; 6.846  ; 6.846  ;
; n1[2]      ; disp1[4]    ; 6.910  ; 6.910  ; 6.910  ; 6.910  ;
; n1[2]      ; disp1[5]    ; 6.712  ; 6.712  ; 6.712  ; 6.712  ;
; n1[2]      ; disp1[6]    ; 6.851  ; 6.851  ; 6.851  ; 6.851  ;
; n1[2]      ; disp2[0]    ; 10.563 ; 10.563 ; 10.563 ; 10.563 ;
; n1[2]      ; disp2[2]    ; 10.433 ; 10.433 ; 10.433 ; 10.433 ;
; n1[2]      ; disp2[3]    ; 10.429 ; 10.429 ; 10.429 ; 10.429 ;
; n1[2]      ; disp2[4]    ; 9.698  ; 9.698  ; 9.698  ; 9.698  ;
; n1[2]      ; disp2[5]    ; 10.400 ; 10.400 ; 10.400 ; 10.400 ;
; n1[2]      ; disp2[6]    ; 6.165  ; 6.165  ; 6.165  ; 6.165  ;
; n1[3]      ; disp1[0]    ; 6.604  ; 6.604  ; 6.604  ; 6.604  ;
; n1[3]      ; disp1[1]    ; 6.502  ; 6.502  ; 6.502  ; 6.502  ;
; n1[3]      ; disp1[2]    ; 6.506  ; 6.506  ; 6.506  ; 6.506  ;
; n1[3]      ; disp1[3]    ; 6.320  ; 6.320  ; 6.320  ; 6.320  ;
; n1[3]      ; disp1[4]    ; 6.384  ; 6.384  ; 6.384  ; 6.384  ;
; n1[3]      ; disp1[5]    ; 6.186  ; 6.186  ; 6.186  ; 6.186  ;
; n1[3]      ; disp1[6]    ; 6.325  ; 6.325  ; 6.325  ; 6.325  ;
; n1[3]      ; disp2[0]    ; 10.037 ; 10.037 ; 10.037 ; 10.037 ;
; n1[3]      ; disp2[2]    ; 9.907  ; 9.907  ; 9.907  ; 9.907  ;
; n1[3]      ; disp2[3]    ; 9.903  ; 9.903  ; 9.903  ; 9.903  ;
; n1[3]      ; disp2[4]    ; 9.172  ; 9.172  ; 9.172  ; 9.172  ;
; n1[3]      ; disp2[5]    ; 9.874  ; 9.874  ; 9.874  ; 9.874  ;
; n1[3]      ; disp2[6]    ; 5.639  ; 5.639  ; 5.639  ; 5.639  ;
; n2[0]      ; disp1[0]    ; 9.834  ; 9.834  ; 9.834  ; 9.834  ;
; n2[0]      ; disp1[1]    ; 9.732  ; 9.732  ; 9.732  ; 9.732  ;
; n2[0]      ; disp1[2]    ; 9.736  ; 9.736  ; 9.736  ; 9.736  ;
; n2[0]      ; disp1[3]    ; 9.550  ; 9.550  ; 9.550  ; 9.550  ;
; n2[0]      ; disp1[4]    ; 9.614  ; 9.614  ; 9.614  ; 9.614  ;
; n2[0]      ; disp1[5]    ; 9.416  ; 9.416  ; 9.416  ; 9.416  ;
; n2[0]      ; disp1[6]    ; 9.555  ; 9.555  ; 9.555  ; 9.555  ;
; n2[0]      ; disp2[0]    ; 13.267 ; 13.267 ; 13.267 ; 13.267 ;
; n2[0]      ; disp2[2]    ; 13.137 ; 13.137 ; 13.137 ; 13.137 ;
; n2[0]      ; disp2[3]    ; 13.133 ; 13.133 ; 13.133 ; 13.133 ;
; n2[0]      ; disp2[4]    ; 12.402 ; 12.402 ; 12.402 ; 12.402 ;
; n2[0]      ; disp2[5]    ; 13.104 ; 13.104 ; 13.104 ; 13.104 ;
; n2[0]      ; disp2[6]    ; 8.869  ; 8.869  ; 8.869  ; 8.869  ;
; n2[1]      ; disp1[0]    ; 9.388  ; 9.388  ; 9.388  ; 9.388  ;
; n2[1]      ; disp1[1]    ; 9.286  ; 9.286  ; 9.286  ; 9.286  ;
; n2[1]      ; disp1[2]    ; 9.290  ; 9.290  ; 9.290  ; 9.290  ;
; n2[1]      ; disp1[3]    ; 9.104  ; 9.104  ; 9.104  ; 9.104  ;
; n2[1]      ; disp1[4]    ; 9.168  ; 9.168  ; 9.168  ; 9.168  ;
; n2[1]      ; disp1[5]    ; 8.970  ; 8.970  ; 8.970  ; 8.970  ;
; n2[1]      ; disp1[6]    ; 9.109  ; 9.109  ; 9.109  ; 9.109  ;
; n2[1]      ; disp2[0]    ; 12.821 ; 12.821 ; 12.821 ; 12.821 ;
; n2[1]      ; disp2[2]    ; 12.691 ; 12.691 ; 12.691 ; 12.691 ;
; n2[1]      ; disp2[3]    ; 12.687 ; 12.687 ; 12.687 ; 12.687 ;
; n2[1]      ; disp2[4]    ; 11.956 ; 11.956 ; 11.956 ; 11.956 ;
; n2[1]      ; disp2[5]    ; 12.658 ; 12.658 ; 12.658 ; 12.658 ;
; n2[1]      ; disp2[6]    ; 8.423  ; 8.423  ; 8.423  ; 8.423  ;
; n2[2]      ; disp1[0]    ; 9.603  ; 9.603  ; 9.603  ; 9.603  ;
; n2[2]      ; disp1[1]    ; 9.501  ; 9.501  ; 9.501  ; 9.501  ;
; n2[2]      ; disp1[2]    ; 9.505  ; 9.505  ; 9.505  ; 9.505  ;
; n2[2]      ; disp1[3]    ; 9.319  ; 9.319  ; 9.319  ; 9.319  ;
; n2[2]      ; disp1[4]    ; 9.383  ; 9.383  ; 9.383  ; 9.383  ;
; n2[2]      ; disp1[5]    ; 9.185  ; 9.185  ; 9.185  ; 9.185  ;
; n2[2]      ; disp1[6]    ; 9.324  ; 9.324  ; 9.324  ; 9.324  ;
; n2[2]      ; disp2[0]    ; 13.036 ; 13.036 ; 13.036 ; 13.036 ;
; n2[2]      ; disp2[2]    ; 12.906 ; 12.906 ; 12.906 ; 12.906 ;
; n2[2]      ; disp2[3]    ; 12.902 ; 12.902 ; 12.902 ; 12.902 ;
; n2[2]      ; disp2[4]    ; 12.171 ; 12.171 ; 12.171 ; 12.171 ;
; n2[2]      ; disp2[5]    ; 12.873 ; 12.873 ; 12.873 ; 12.873 ;
; n2[2]      ; disp2[6]    ; 8.638  ; 8.638  ; 8.638  ; 8.638  ;
; n2[3]      ; disp1[0]    ; 8.923  ; 8.923  ; 8.923  ; 8.923  ;
; n2[3]      ; disp1[1]    ; 8.821  ; 8.821  ; 8.821  ; 8.821  ;
; n2[3]      ; disp1[2]    ; 8.825  ; 8.825  ; 8.825  ; 8.825  ;
; n2[3]      ; disp1[3]    ; 8.639  ; 8.639  ; 8.639  ; 8.639  ;
; n2[3]      ; disp1[4]    ; 8.703  ; 8.703  ; 8.703  ; 8.703  ;
; n2[3]      ; disp1[5]    ; 8.505  ; 8.505  ; 8.505  ; 8.505  ;
; n2[3]      ; disp1[6]    ; 8.644  ; 8.644  ; 8.644  ; 8.644  ;
; n2[3]      ; disp2[0]    ; 12.387 ; 12.356 ; 12.356 ; 12.387 ;
; n2[3]      ; disp2[2]    ; 12.226 ; 12.257 ; 12.257 ; 12.226 ;
; n2[3]      ; disp2[3]    ; 12.253 ; 12.222 ; 12.222 ; 12.253 ;
; n2[3]      ; disp2[4]    ; 11.522 ; 11.491 ; 11.491 ; 11.522 ;
; n2[3]      ; disp2[5]    ; 12.224 ; 12.193 ; 12.193 ; 12.224 ;
; n2[3]      ; disp2[6]    ; 7.958  ; 7.989  ; 7.989  ; 7.958  ;
; tr0        ; disp1[0]    ; 7.284  ; 7.284  ; 7.284  ; 7.284  ;
; tr0        ; disp1[1]    ; 7.182  ; 7.182  ; 7.182  ; 7.182  ;
; tr0        ; disp1[2]    ; 7.186  ; 7.186  ; 7.186  ; 7.186  ;
; tr0        ; disp1[3]    ; 7.000  ; 7.000  ; 7.000  ; 7.000  ;
; tr0        ; disp1[4]    ; 7.064  ; 7.064  ; 7.064  ; 7.064  ;
; tr0        ; disp1[5]    ; 6.866  ; 6.866  ; 6.866  ; 6.866  ;
; tr0        ; disp1[6]    ; 7.005  ; 7.005  ; 7.005  ; 7.005  ;
; tr0        ; disp2[0]    ; 10.717 ; 10.717 ; 10.717 ; 10.717 ;
; tr0        ; disp2[2]    ; 10.587 ; 10.587 ; 10.587 ; 10.587 ;
; tr0        ; disp2[3]    ; 10.583 ; 10.583 ; 10.583 ; 10.583 ;
; tr0        ; disp2[4]    ; 9.852  ; 9.852  ; 9.852  ; 9.852  ;
; tr0        ; disp2[5]    ; 10.554 ; 10.554 ; 10.554 ; 10.554 ;
; tr0        ; disp2[6]    ; 6.319  ; 6.319  ; 6.319  ; 6.319  ;
+------------+-------------+--------+--------+--------+--------+


+----------------------------------------------------------+
; Minimum Propagation Delay                                ;
+------------+-------------+-------+-------+-------+-------+
; Input Port ; Output Port ; RR    ; RF    ; FR    ; FF    ;
+------------+-------------+-------+-------+-------+-------+
; n1[0]      ; disp1[0]    ; 4.335 ; 4.335 ; 4.335 ; 4.335 ;
; n1[0]      ; disp1[1]    ; 4.238 ; 4.238 ; 4.238 ; 4.238 ;
; n1[0]      ; disp1[2]    ; 4.230 ; 4.230 ; 4.230 ; 4.230 ;
; n1[0]      ; disp1[3]    ; 4.522 ; 4.522 ; 4.522 ; 4.522 ;
; n1[0]      ; disp1[4]    ; 4.120 ; 4.120 ; 4.120 ; 4.120 ;
; n1[0]      ; disp1[5]    ; 4.385 ; 4.385 ; 4.385 ; 4.385 ;
; n1[0]      ; disp1[6]    ; 4.275 ; 4.275 ; 4.275 ; 4.275 ;
; n1[0]      ; disp2[0]    ; 6.375 ; 6.375 ; 6.375 ; 6.375 ;
; n1[0]      ; disp2[2]    ; 6.241 ; 6.241 ; 6.241 ; 6.241 ;
; n1[0]      ; disp2[3]    ; 6.241 ; 6.241 ; 6.241 ; 6.241 ;
; n1[0]      ; disp2[4]    ; 5.925 ; 5.925 ; 5.925 ; 5.925 ;
; n1[0]      ; disp2[5]    ; 6.233 ; 6.233 ; 6.233 ; 6.233 ;
; n1[0]      ; disp2[6]    ; 5.991 ; 5.991 ; 5.991 ; 5.991 ;
; n1[1]      ; disp1[0]    ; 4.632 ; 4.632 ; 4.632 ; 4.632 ;
; n1[1]      ; disp1[1]    ; 4.529 ; 4.529 ; 4.529 ; 4.529 ;
; n1[1]      ; disp1[2]    ; 4.527 ; 4.527 ; 4.527 ; 4.527 ;
; n1[1]      ; disp1[3]    ; 4.807 ; 4.807 ; 4.807 ; 4.807 ;
; n1[1]      ; disp1[4]    ; 4.412 ; 4.412 ; 4.412 ; 4.412 ;
; n1[1]      ; disp1[5]    ; 4.682 ; 4.682 ; 4.682 ; 4.682 ;
; n1[1]      ; disp1[6]    ; 4.694 ; 4.694 ; 4.694 ; 4.694 ;
; n1[1]      ; disp2[0]    ; 5.798 ; 5.798 ; 5.798 ; 5.798 ;
; n1[1]      ; disp2[2]    ; 5.664 ; 5.664 ; 5.664 ; 5.664 ;
; n1[1]      ; disp2[3]    ; 5.664 ; 5.664 ; 5.664 ; 5.664 ;
; n1[1]      ; disp2[4]    ; 5.345 ; 5.345 ; 5.345 ; 5.345 ;
; n1[1]      ; disp2[5]    ; 5.656 ; 5.656 ; 5.656 ; 5.656 ;
; n1[1]      ; disp2[6]    ; 5.414 ; 5.414 ; 5.414 ; 5.414 ;
; n1[2]      ; disp1[0]    ; 5.227 ; 5.227 ; 5.227 ; 5.227 ;
; n1[2]      ; disp1[1]    ; 5.127 ; 5.127 ; 5.127 ; 5.127 ;
; n1[2]      ; disp1[2]    ; 5.120 ; 5.120 ; 5.120 ; 5.120 ;
; n1[2]      ; disp1[3]    ; 4.729 ; 4.729 ; 4.729 ; 4.729 ;
; n1[2]      ; disp1[4]    ; 5.009 ; 5.009 ; 5.009 ; 5.009 ;
; n1[2]      ; disp1[5]    ; 4.686 ; 4.686 ; 4.686 ; 4.686 ;
; n1[2]      ; disp1[6]    ; 4.829 ; 4.829 ; 4.829 ; 4.829 ;
; n1[2]      ; disp2[0]    ; 6.054 ; 5.859 ; 5.859 ; 6.054 ;
; n1[2]      ; disp2[2]    ; 5.725 ; 5.920 ; 5.920 ; 5.725 ;
; n1[2]      ; disp2[3]    ; 5.920 ; 5.725 ; 5.725 ; 5.920 ;
; n1[2]      ; disp2[4]    ; 5.747 ; 5.747 ; 5.747 ; 5.747 ;
; n1[2]      ; disp2[5]    ; 5.717 ; 5.912 ; 5.912 ; 5.717 ;
; n1[2]      ; disp2[6]    ; 5.670 ; 5.475 ; 5.475 ; 5.670 ;
; n1[3]      ; disp1[0]    ; 5.180 ; 5.180 ; 5.180 ; 5.180 ;
; n1[3]      ; disp1[1]    ; 5.078 ; 5.078 ; 5.078 ; 5.078 ;
; n1[3]      ; disp1[2]    ; 5.082 ; 5.082 ; 5.082 ; 5.082 ;
; n1[3]      ; disp1[3]    ; 4.666 ; 4.666 ; 4.666 ; 4.666 ;
; n1[3]      ; disp1[4]    ; 4.960 ; 4.960 ; 4.960 ; 4.960 ;
; n1[3]      ; disp1[5]    ; 4.623 ; 4.623 ; 4.623 ; 4.623 ;
; n1[3]      ; disp1[6]    ; 4.766 ; 4.766 ; 4.766 ; 4.766 ;
; n1[3]      ; disp2[0]    ; 6.023 ; 5.961 ; 5.961 ; 6.023 ;
; n1[3]      ; disp2[2]    ; 5.827 ; 5.889 ; 5.889 ; 5.827 ;
; n1[3]      ; disp2[3]    ; 5.889 ; 5.827 ; 5.827 ; 5.889 ;
; n1[3]      ; disp2[4]    ; 5.733 ; 5.733 ; 5.733 ; 5.733 ;
; n1[3]      ; disp2[5]    ; 5.819 ; 5.881 ; 5.881 ; 5.819 ;
; n1[3]      ; disp2[6]    ; 5.639 ; 5.577 ; 5.577 ; 5.639 ;
; n2[0]      ; disp1[0]    ; 6.717 ; 6.717 ; 6.717 ; 6.717 ;
; n2[0]      ; disp1[1]    ; 6.620 ; 6.620 ; 6.620 ; 6.620 ;
; n2[0]      ; disp1[2]    ; 6.612 ; 6.612 ; 6.612 ; 6.612 ;
; n2[0]      ; disp1[3]    ; 6.904 ; 6.904 ; 6.904 ; 6.904 ;
; n2[0]      ; disp1[4]    ; 6.502 ; 6.502 ; 6.502 ; 6.502 ;
; n2[0]      ; disp1[5]    ; 6.767 ; 6.767 ; 6.767 ; 6.767 ;
; n2[0]      ; disp1[6]    ; 6.657 ; 6.657 ; 6.657 ; 6.657 ;
; n2[0]      ; disp2[0]    ; 8.761 ; 8.761 ; 8.761 ; 8.761 ;
; n2[0]      ; disp2[2]    ; 8.627 ; 8.627 ; 8.627 ; 8.627 ;
; n2[0]      ; disp2[3]    ; 8.627 ; 8.627 ; 8.627 ; 8.627 ;
; n2[0]      ; disp2[4]    ; 8.311 ; 8.311 ; 8.311 ; 8.311 ;
; n2[0]      ; disp2[5]    ; 8.619 ; 8.619 ; 8.619 ; 8.619 ;
; n2[0]      ; disp2[6]    ; 8.377 ; 8.377 ; 8.377 ; 8.377 ;
; n2[1]      ; disp1[0]    ; 7.151 ; 7.151 ; 7.151 ; 7.151 ;
; n2[1]      ; disp1[1]    ; 7.048 ; 7.048 ; 7.048 ; 7.048 ;
; n2[1]      ; disp1[2]    ; 7.046 ; 7.046 ; 7.046 ; 7.046 ;
; n2[1]      ; disp1[3]    ; 7.330 ; 7.330 ; 7.330 ; 7.330 ;
; n2[1]      ; disp1[4]    ; 6.931 ; 6.931 ; 6.931 ; 6.931 ;
; n2[1]      ; disp1[5]    ; 7.205 ; 7.205 ; 7.205 ; 7.205 ;
; n2[1]      ; disp1[6]    ; 7.217 ; 7.217 ; 7.217 ; 7.217 ;
; n2[1]      ; disp2[0]    ; 8.318 ; 8.318 ; 8.318 ; 8.318 ;
; n2[1]      ; disp2[2]    ; 8.184 ; 8.184 ; 8.184 ; 8.184 ;
; n2[1]      ; disp2[3]    ; 8.184 ; 8.184 ; 8.184 ; 8.184 ;
; n2[1]      ; disp2[4]    ; 7.871 ; 7.871 ; 7.871 ; 7.871 ;
; n2[1]      ; disp2[5]    ; 8.176 ; 8.176 ; 8.176 ; 8.176 ;
; n2[1]      ; disp2[6]    ; 7.934 ; 7.934 ; 7.934 ; 7.934 ;
; n2[2]      ; disp1[0]    ; 7.704 ; 7.704 ; 7.704 ; 7.704 ;
; n2[2]      ; disp1[1]    ; 7.604 ; 7.604 ; 7.604 ; 7.604 ;
; n2[2]      ; disp1[2]    ; 7.597 ; 7.597 ; 7.597 ; 7.597 ;
; n2[2]      ; disp1[3]    ; 7.228 ; 7.228 ; 7.228 ; 7.228 ;
; n2[2]      ; disp1[4]    ; 7.486 ; 7.486 ; 7.486 ; 7.486 ;
; n2[2]      ; disp1[5]    ; 7.185 ; 7.185 ; 7.185 ; 7.185 ;
; n2[2]      ; disp1[6]    ; 7.328 ; 7.328 ; 7.328 ; 7.328 ;
; n2[2]      ; disp2[0]    ; 8.531 ; 8.339 ; 8.339 ; 8.531 ;
; n2[2]      ; disp2[2]    ; 8.205 ; 8.397 ; 8.397 ; 8.205 ;
; n2[2]      ; disp2[3]    ; 8.397 ; 8.205 ; 8.205 ; 8.397 ;
; n2[2]      ; disp2[4]    ; 8.224 ; 8.224 ; 8.224 ; 8.224 ;
; n2[2]      ; disp2[5]    ; 8.197 ; 8.389 ; 8.389 ; 8.197 ;
; n2[2]      ; disp2[6]    ; 8.147 ; 7.955 ; 7.955 ; 8.147 ;
; n2[3]      ; disp1[0]    ; 7.499 ; 7.499 ; 7.499 ; 7.499 ;
; n2[3]      ; disp1[1]    ; 7.397 ; 7.397 ; 7.397 ; 7.397 ;
; n2[3]      ; disp1[2]    ; 7.401 ; 7.401 ; 7.401 ; 7.401 ;
; n2[3]      ; disp1[3]    ; 6.985 ; 6.985 ; 6.985 ; 6.985 ;
; n2[3]      ; disp1[4]    ; 7.279 ; 7.279 ; 7.279 ; 7.279 ;
; n2[3]      ; disp1[5]    ; 6.942 ; 6.942 ; 6.942 ; 6.942 ;
; n2[3]      ; disp1[6]    ; 7.085 ; 7.085 ; 7.085 ; 7.085 ;
; n2[3]      ; disp2[0]    ; 8.342 ; 8.270 ; 8.270 ; 8.342 ;
; n2[3]      ; disp2[2]    ; 8.136 ; 8.208 ; 8.208 ; 8.136 ;
; n2[3]      ; disp2[3]    ; 8.208 ; 8.136 ; 8.136 ; 8.208 ;
; n2[3]      ; disp2[4]    ; 8.052 ; 8.052 ; 8.052 ; 8.052 ;
; n2[3]      ; disp2[5]    ; 8.128 ; 8.200 ; 8.200 ; 8.128 ;
; n2[3]      ; disp2[6]    ; 7.958 ; 7.886 ; 7.886 ; 7.958 ;
; tr0        ; disp1[0]    ; 4.171 ; 4.171 ; 4.171 ; 4.171 ;
; tr0        ; disp1[1]    ; 4.074 ; 4.074 ; 4.074 ; 4.074 ;
; tr0        ; disp1[2]    ; 4.066 ; 4.066 ; 4.066 ; 4.066 ;
; tr0        ; disp1[3]    ; 4.358 ; 4.358 ; 4.358 ; 4.358 ;
; tr0        ; disp1[4]    ; 3.956 ; 3.956 ; 3.956 ; 3.956 ;
; tr0        ; disp1[5]    ; 4.221 ; 4.221 ; 4.221 ; 4.221 ;
; tr0        ; disp1[6]    ; 4.111 ; 4.111 ; 4.111 ; 4.111 ;
; tr0        ; disp2[0]    ; 6.211 ; 6.211 ; 6.211 ; 6.211 ;
; tr0        ; disp2[2]    ; 6.077 ; 6.077 ; 6.077 ; 6.077 ;
; tr0        ; disp2[3]    ; 6.077 ; 6.077 ; 6.077 ; 6.077 ;
; tr0        ; disp2[4]    ; 5.761 ; 5.761 ; 5.761 ; 5.761 ;
; tr0        ; disp2[5]    ; 6.069 ; 6.069 ; 6.069 ; 6.069 ;
; tr0        ; disp2[6]    ; 5.827 ; 5.827 ; 5.827 ; 5.827 ;
+------------+-------------+-------+-------+-------+-------+


+----------------------------------------------------------------------------+
; Multicorner Timing Analysis Summary                                        ;
+------------------+-------+------+----------+---------+---------------------+
; Clock            ; Setup ; Hold ; Recovery ; Removal ; Minimum Pulse Width ;
+------------------+-------+------+----------+---------+---------------------+
; Worst-case Slack ; N/A   ; N/A  ; N/A      ; N/A     ; N/A                 ;
; Design-wide TNS  ; 0.0   ; 0.0  ; 0.0      ; 0.0     ; 0.0                 ;
+------------------+-------+------+----------+---------+---------------------+


+--------------------------------------------------------------+
; Progagation Delay                                            ;
+------------+-------------+--------+--------+--------+--------+
; Input Port ; Output Port ; RR     ; RF     ; FR     ; FF     ;
+------------+-------------+--------+--------+--------+--------+
; n1[0]      ; disp1[0]    ; 15.702 ; 15.702 ; 15.702 ; 15.702 ;
; n1[0]      ; disp1[1]    ; 15.545 ; 15.545 ; 15.545 ; 15.545 ;
; n1[0]      ; disp1[2]    ; 15.526 ; 15.526 ; 15.526 ; 15.526 ;
; n1[0]      ; disp1[3]    ; 14.971 ; 14.971 ; 14.971 ; 14.971 ;
; n1[0]      ; disp1[4]    ; 15.280 ; 15.280 ; 15.280 ; 15.280 ;
; n1[0]      ; disp1[5]    ; 14.679 ; 14.679 ; 14.679 ; 14.679 ;
; n1[0]      ; disp1[6]    ; 15.050 ; 15.050 ; 15.050 ; 15.050 ;
; n1[0]      ; disp2[0]    ; 22.580 ; 22.580 ; 22.580 ; 22.580 ;
; n1[0]      ; disp2[2]    ; 22.456 ; 22.456 ; 22.456 ; 22.456 ;
; n1[0]      ; disp2[3]    ; 22.408 ; 22.408 ; 22.408 ; 22.408 ;
; n1[0]      ; disp2[4]    ; 20.792 ; 20.792 ; 20.792 ; 20.792 ;
; n1[0]      ; disp2[5]    ; 22.413 ; 22.413 ; 22.413 ; 22.413 ;
; n1[0]      ; disp2[6]    ; 13.330 ; 13.330 ; 13.330 ; 13.330 ;
; n1[1]      ; disp1[0]    ; 14.418 ; 14.418 ; 14.418 ; 14.418 ;
; n1[1]      ; disp1[1]    ; 14.261 ; 14.261 ; 14.261 ; 14.261 ;
; n1[1]      ; disp1[2]    ; 14.242 ; 14.242 ; 14.242 ; 14.242 ;
; n1[1]      ; disp1[3]    ; 13.687 ; 13.687 ; 13.687 ; 13.687 ;
; n1[1]      ; disp1[4]    ; 13.996 ; 13.996 ; 13.996 ; 13.996 ;
; n1[1]      ; disp1[5]    ; 13.395 ; 13.395 ; 13.395 ; 13.395 ;
; n1[1]      ; disp1[6]    ; 13.766 ; 13.766 ; 13.766 ; 13.766 ;
; n1[1]      ; disp2[0]    ; 21.296 ; 21.296 ; 21.296 ; 21.296 ;
; n1[1]      ; disp2[2]    ; 21.172 ; 21.172 ; 21.172 ; 21.172 ;
; n1[1]      ; disp2[3]    ; 21.124 ; 21.124 ; 21.124 ; 21.124 ;
; n1[1]      ; disp2[4]    ; 19.508 ; 19.508 ; 19.508 ; 19.508 ;
; n1[1]      ; disp2[5]    ; 21.129 ; 21.129 ; 21.129 ; 21.129 ;
; n1[1]      ; disp2[6]    ; 12.046 ; 12.046 ; 12.046 ; 12.046 ;
; n1[2]      ; disp1[0]    ; 14.953 ; 14.953 ; 14.953 ; 14.953 ;
; n1[2]      ; disp1[1]    ; 14.796 ; 14.796 ; 14.796 ; 14.796 ;
; n1[2]      ; disp1[2]    ; 14.777 ; 14.777 ; 14.777 ; 14.777 ;
; n1[2]      ; disp1[3]    ; 14.222 ; 14.222 ; 14.222 ; 14.222 ;
; n1[2]      ; disp1[4]    ; 14.531 ; 14.531 ; 14.531 ; 14.531 ;
; n1[2]      ; disp1[5]    ; 13.930 ; 13.930 ; 13.930 ; 13.930 ;
; n1[2]      ; disp1[6]    ; 14.301 ; 14.301 ; 14.301 ; 14.301 ;
; n1[2]      ; disp2[0]    ; 21.831 ; 21.831 ; 21.831 ; 21.831 ;
; n1[2]      ; disp2[2]    ; 21.707 ; 21.707 ; 21.707 ; 21.707 ;
; n1[2]      ; disp2[3]    ; 21.659 ; 21.659 ; 21.659 ; 21.659 ;
; n1[2]      ; disp2[4]    ; 20.043 ; 20.043 ; 20.043 ; 20.043 ;
; n1[2]      ; disp2[5]    ; 21.664 ; 21.664 ; 21.664 ; 21.664 ;
; n1[2]      ; disp2[6]    ; 12.581 ; 12.581 ; 12.581 ; 12.581 ;
; n1[3]      ; disp1[0]    ; 13.717 ; 13.717 ; 13.717 ; 13.717 ;
; n1[3]      ; disp1[1]    ; 13.560 ; 13.560 ; 13.560 ; 13.560 ;
; n1[3]      ; disp1[2]    ; 13.541 ; 13.541 ; 13.541 ; 13.541 ;
; n1[3]      ; disp1[3]    ; 12.986 ; 12.986 ; 12.986 ; 12.986 ;
; n1[3]      ; disp1[4]    ; 13.295 ; 13.295 ; 13.295 ; 13.295 ;
; n1[3]      ; disp1[5]    ; 12.694 ; 12.694 ; 12.694 ; 12.694 ;
; n1[3]      ; disp1[6]    ; 13.065 ; 13.065 ; 13.065 ; 13.065 ;
; n1[3]      ; disp2[0]    ; 20.595 ; 20.595 ; 20.595 ; 20.595 ;
; n1[3]      ; disp2[2]    ; 20.471 ; 20.471 ; 20.471 ; 20.471 ;
; n1[3]      ; disp2[3]    ; 20.423 ; 20.423 ; 20.423 ; 20.423 ;
; n1[3]      ; disp2[4]    ; 18.807 ; 18.807 ; 18.807 ; 18.807 ;
; n1[3]      ; disp2[5]    ; 20.428 ; 20.428 ; 20.428 ; 20.428 ;
; n1[3]      ; disp2[6]    ; 11.345 ; 11.345 ; 11.345 ; 11.345 ;
; n2[0]      ; disp1[0]    ; 19.564 ; 19.564 ; 19.564 ; 19.564 ;
; n2[0]      ; disp1[1]    ; 19.407 ; 19.407 ; 19.407 ; 19.407 ;
; n2[0]      ; disp1[2]    ; 19.388 ; 19.388 ; 19.388 ; 19.388 ;
; n2[0]      ; disp1[3]    ; 18.833 ; 18.833 ; 18.833 ; 18.833 ;
; n2[0]      ; disp1[4]    ; 19.142 ; 19.142 ; 19.142 ; 19.142 ;
; n2[0]      ; disp1[5]    ; 18.541 ; 18.541 ; 18.541 ; 18.541 ;
; n2[0]      ; disp1[6]    ; 18.912 ; 18.912 ; 18.912 ; 18.912 ;
; n2[0]      ; disp2[0]    ; 26.442 ; 26.442 ; 26.442 ; 26.442 ;
; n2[0]      ; disp2[2]    ; 26.318 ; 26.318 ; 26.318 ; 26.318 ;
; n2[0]      ; disp2[3]    ; 26.270 ; 26.270 ; 26.270 ; 26.270 ;
; n2[0]      ; disp2[4]    ; 24.654 ; 24.654 ; 24.654 ; 24.654 ;
; n2[0]      ; disp2[5]    ; 26.275 ; 26.275 ; 26.275 ; 26.275 ;
; n2[0]      ; disp2[6]    ; 17.192 ; 17.192 ; 17.192 ; 17.192 ;
; n2[1]      ; disp1[0]    ; 18.509 ; 18.509 ; 18.509 ; 18.509 ;
; n2[1]      ; disp1[1]    ; 18.352 ; 18.352 ; 18.352 ; 18.352 ;
; n2[1]      ; disp1[2]    ; 18.333 ; 18.333 ; 18.333 ; 18.333 ;
; n2[1]      ; disp1[3]    ; 17.778 ; 17.778 ; 17.778 ; 17.778 ;
; n2[1]      ; disp1[4]    ; 18.087 ; 18.087 ; 18.087 ; 18.087 ;
; n2[1]      ; disp1[5]    ; 17.486 ; 17.486 ; 17.486 ; 17.486 ;
; n2[1]      ; disp1[6]    ; 17.857 ; 17.857 ; 17.857 ; 17.857 ;
; n2[1]      ; disp2[0]    ; 25.387 ; 25.387 ; 25.387 ; 25.387 ;
; n2[1]      ; disp2[2]    ; 25.263 ; 25.263 ; 25.263 ; 25.263 ;
; n2[1]      ; disp2[3]    ; 25.215 ; 25.215 ; 25.215 ; 25.215 ;
; n2[1]      ; disp2[4]    ; 23.599 ; 23.599 ; 23.599 ; 23.599 ;
; n2[1]      ; disp2[5]    ; 25.220 ; 25.220 ; 25.220 ; 25.220 ;
; n2[1]      ; disp2[6]    ; 16.137 ; 16.137 ; 16.137 ; 16.137 ;
; n2[2]      ; disp1[0]    ; 18.975 ; 18.975 ; 18.975 ; 18.975 ;
; n2[2]      ; disp1[1]    ; 18.818 ; 18.818 ; 18.818 ; 18.818 ;
; n2[2]      ; disp1[2]    ; 18.799 ; 18.799 ; 18.799 ; 18.799 ;
; n2[2]      ; disp1[3]    ; 18.244 ; 18.244 ; 18.244 ; 18.244 ;
; n2[2]      ; disp1[4]    ; 18.553 ; 18.553 ; 18.553 ; 18.553 ;
; n2[2]      ; disp1[5]    ; 17.952 ; 17.952 ; 17.952 ; 17.952 ;
; n2[2]      ; disp1[6]    ; 18.323 ; 18.323 ; 18.323 ; 18.323 ;
; n2[2]      ; disp2[0]    ; 25.853 ; 25.853 ; 25.853 ; 25.853 ;
; n2[2]      ; disp2[2]    ; 25.729 ; 25.729 ; 25.729 ; 25.729 ;
; n2[2]      ; disp2[3]    ; 25.681 ; 25.681 ; 25.681 ; 25.681 ;
; n2[2]      ; disp2[4]    ; 24.065 ; 24.065 ; 24.065 ; 24.065 ;
; n2[2]      ; disp2[5]    ; 25.686 ; 25.686 ; 25.686 ; 25.686 ;
; n2[2]      ; disp2[6]    ; 16.603 ; 16.603 ; 16.603 ; 16.603 ;
; n2[3]      ; disp1[0]    ; 17.478 ; 17.478 ; 17.478 ; 17.478 ;
; n2[3]      ; disp1[1]    ; 17.321 ; 17.321 ; 17.321 ; 17.321 ;
; n2[3]      ; disp1[2]    ; 17.302 ; 17.302 ; 17.302 ; 17.302 ;
; n2[3]      ; disp1[3]    ; 16.747 ; 16.747 ; 16.747 ; 16.747 ;
; n2[3]      ; disp1[4]    ; 17.056 ; 17.056 ; 17.056 ; 17.056 ;
; n2[3]      ; disp1[5]    ; 16.455 ; 16.455 ; 16.455 ; 16.455 ;
; n2[3]      ; disp1[6]    ; 16.826 ; 16.826 ; 16.826 ; 16.826 ;
; n2[3]      ; disp2[0]    ; 24.431 ; 24.356 ; 24.356 ; 24.431 ;
; n2[3]      ; disp2[2]    ; 24.232 ; 24.307 ; 24.307 ; 24.232 ;
; n2[3]      ; disp2[3]    ; 24.259 ; 24.184 ; 24.184 ; 24.259 ;
; n2[3]      ; disp2[4]    ; 22.643 ; 22.568 ; 22.568 ; 22.643 ;
; n2[3]      ; disp2[5]    ; 24.264 ; 24.189 ; 24.189 ; 24.264 ;
; n2[3]      ; disp2[6]    ; 15.106 ; 15.181 ; 15.181 ; 15.106 ;
; tr0        ; disp1[0]    ; 15.296 ; 15.296 ; 15.296 ; 15.296 ;
; tr0        ; disp1[1]    ; 15.139 ; 15.139 ; 15.139 ; 15.139 ;
; tr0        ; disp1[2]    ; 15.120 ; 15.120 ; 15.120 ; 15.120 ;
; tr0        ; disp1[3]    ; 14.565 ; 14.565 ; 14.565 ; 14.565 ;
; tr0        ; disp1[4]    ; 14.874 ; 14.874 ; 14.874 ; 14.874 ;
; tr0        ; disp1[5]    ; 14.273 ; 14.273 ; 14.273 ; 14.273 ;
; tr0        ; disp1[6]    ; 14.644 ; 14.644 ; 14.644 ; 14.644 ;
; tr0        ; disp2[0]    ; 22.174 ; 22.174 ; 22.174 ; 22.174 ;
; tr0        ; disp2[2]    ; 22.050 ; 22.050 ; 22.050 ; 22.050 ;
; tr0        ; disp2[3]    ; 22.002 ; 22.002 ; 22.002 ; 22.002 ;
; tr0        ; disp2[4]    ; 20.386 ; 20.386 ; 20.386 ; 20.386 ;
; tr0        ; disp2[5]    ; 22.007 ; 22.007 ; 22.007 ; 22.007 ;
; tr0        ; disp2[6]    ; 12.924 ; 12.924 ; 12.924 ; 12.924 ;
+------------+-------------+--------+--------+--------+--------+


+----------------------------------------------------------+
; Minimum Progagation Delay                                ;
+------------+-------------+-------+-------+-------+-------+
; Input Port ; Output Port ; RR    ; RF    ; FR    ; FF    ;
+------------+-------------+-------+-------+-------+-------+
; n1[0]      ; disp1[0]    ; 4.335 ; 4.335 ; 4.335 ; 4.335 ;
; n1[0]      ; disp1[1]    ; 4.238 ; 4.238 ; 4.238 ; 4.238 ;
; n1[0]      ; disp1[2]    ; 4.230 ; 4.230 ; 4.230 ; 4.230 ;
; n1[0]      ; disp1[3]    ; 4.522 ; 4.522 ; 4.522 ; 4.522 ;
; n1[0]      ; disp1[4]    ; 4.120 ; 4.120 ; 4.120 ; 4.120 ;
; n1[0]      ; disp1[5]    ; 4.385 ; 4.385 ; 4.385 ; 4.385 ;
; n1[0]      ; disp1[6]    ; 4.275 ; 4.275 ; 4.275 ; 4.275 ;
; n1[0]      ; disp2[0]    ; 6.375 ; 6.375 ; 6.375 ; 6.375 ;
; n1[0]      ; disp2[2]    ; 6.241 ; 6.241 ; 6.241 ; 6.241 ;
; n1[0]      ; disp2[3]    ; 6.241 ; 6.241 ; 6.241 ; 6.241 ;
; n1[0]      ; disp2[4]    ; 5.925 ; 5.925 ; 5.925 ; 5.925 ;
; n1[0]      ; disp2[5]    ; 6.233 ; 6.233 ; 6.233 ; 6.233 ;
; n1[0]      ; disp2[6]    ; 5.991 ; 5.991 ; 5.991 ; 5.991 ;
; n1[1]      ; disp1[0]    ; 4.632 ; 4.632 ; 4.632 ; 4.632 ;
; n1[1]      ; disp1[1]    ; 4.529 ; 4.529 ; 4.529 ; 4.529 ;
; n1[1]      ; disp1[2]    ; 4.527 ; 4.527 ; 4.527 ; 4.527 ;
; n1[1]      ; disp1[3]    ; 4.807 ; 4.807 ; 4.807 ; 4.807 ;
; n1[1]      ; disp1[4]    ; 4.412 ; 4.412 ; 4.412 ; 4.412 ;
; n1[1]      ; disp1[5]    ; 4.682 ; 4.682 ; 4.682 ; 4.682 ;
; n1[1]      ; disp1[6]    ; 4.694 ; 4.694 ; 4.694 ; 4.694 ;
; n1[1]      ; disp2[0]    ; 5.798 ; 5.798 ; 5.798 ; 5.798 ;
; n1[1]      ; disp2[2]    ; 5.664 ; 5.664 ; 5.664 ; 5.664 ;
; n1[1]      ; disp2[3]    ; 5.664 ; 5.664 ; 5.664 ; 5.664 ;
; n1[1]      ; disp2[4]    ; 5.345 ; 5.345 ; 5.345 ; 5.345 ;
; n1[1]      ; disp2[5]    ; 5.656 ; 5.656 ; 5.656 ; 5.656 ;
; n1[1]      ; disp2[6]    ; 5.414 ; 5.414 ; 5.414 ; 5.414 ;
; n1[2]      ; disp1[0]    ; 5.227 ; 5.227 ; 5.227 ; 5.227 ;
; n1[2]      ; disp1[1]    ; 5.127 ; 5.127 ; 5.127 ; 5.127 ;
; n1[2]      ; disp1[2]    ; 5.120 ; 5.120 ; 5.120 ; 5.120 ;
; n1[2]      ; disp1[3]    ; 4.729 ; 4.729 ; 4.729 ; 4.729 ;
; n1[2]      ; disp1[4]    ; 5.009 ; 5.009 ; 5.009 ; 5.009 ;
; n1[2]      ; disp1[5]    ; 4.686 ; 4.686 ; 4.686 ; 4.686 ;
; n1[2]      ; disp1[6]    ; 4.829 ; 4.829 ; 4.829 ; 4.829 ;
; n1[2]      ; disp2[0]    ; 6.054 ; 5.859 ; 5.859 ; 6.054 ;
; n1[2]      ; disp2[2]    ; 5.725 ; 5.920 ; 5.920 ; 5.725 ;
; n1[2]      ; disp2[3]    ; 5.920 ; 5.725 ; 5.725 ; 5.920 ;
; n1[2]      ; disp2[4]    ; 5.747 ; 5.747 ; 5.747 ; 5.747 ;
; n1[2]      ; disp2[5]    ; 5.717 ; 5.912 ; 5.912 ; 5.717 ;
; n1[2]      ; disp2[6]    ; 5.670 ; 5.475 ; 5.475 ; 5.670 ;
; n1[3]      ; disp1[0]    ; 5.180 ; 5.180 ; 5.180 ; 5.180 ;
; n1[3]      ; disp1[1]    ; 5.078 ; 5.078 ; 5.078 ; 5.078 ;
; n1[3]      ; disp1[2]    ; 5.082 ; 5.082 ; 5.082 ; 5.082 ;
; n1[3]      ; disp1[3]    ; 4.666 ; 4.666 ; 4.666 ; 4.666 ;
; n1[3]      ; disp1[4]    ; 4.960 ; 4.960 ; 4.960 ; 4.960 ;
; n1[3]      ; disp1[5]    ; 4.623 ; 4.623 ; 4.623 ; 4.623 ;
; n1[3]      ; disp1[6]    ; 4.766 ; 4.766 ; 4.766 ; 4.766 ;
; n1[3]      ; disp2[0]    ; 6.023 ; 5.961 ; 5.961 ; 6.023 ;
; n1[3]      ; disp2[2]    ; 5.827 ; 5.889 ; 5.889 ; 5.827 ;
; n1[3]      ; disp2[3]    ; 5.889 ; 5.827 ; 5.827 ; 5.889 ;
; n1[3]      ; disp2[4]    ; 5.733 ; 5.733 ; 5.733 ; 5.733 ;
; n1[3]      ; disp2[5]    ; 5.819 ; 5.881 ; 5.881 ; 5.819 ;
; n1[3]      ; disp2[6]    ; 5.639 ; 5.577 ; 5.577 ; 5.639 ;
; n2[0]      ; disp1[0]    ; 6.717 ; 6.717 ; 6.717 ; 6.717 ;
; n2[0]      ; disp1[1]    ; 6.620 ; 6.620 ; 6.620 ; 6.620 ;
; n2[0]      ; disp1[2]    ; 6.612 ; 6.612 ; 6.612 ; 6.612 ;
; n2[0]      ; disp1[3]    ; 6.904 ; 6.904 ; 6.904 ; 6.904 ;
; n2[0]      ; disp1[4]    ; 6.502 ; 6.502 ; 6.502 ; 6.502 ;
; n2[0]      ; disp1[5]    ; 6.767 ; 6.767 ; 6.767 ; 6.767 ;
; n2[0]      ; disp1[6]    ; 6.657 ; 6.657 ; 6.657 ; 6.657 ;
; n2[0]      ; disp2[0]    ; 8.761 ; 8.761 ; 8.761 ; 8.761 ;
; n2[0]      ; disp2[2]    ; 8.627 ; 8.627 ; 8.627 ; 8.627 ;
; n2[0]      ; disp2[3]    ; 8.627 ; 8.627 ; 8.627 ; 8.627 ;
; n2[0]      ; disp2[4]    ; 8.311 ; 8.311 ; 8.311 ; 8.311 ;
; n2[0]      ; disp2[5]    ; 8.619 ; 8.619 ; 8.619 ; 8.619 ;
; n2[0]      ; disp2[6]    ; 8.377 ; 8.377 ; 8.377 ; 8.377 ;
; n2[1]      ; disp1[0]    ; 7.151 ; 7.151 ; 7.151 ; 7.151 ;
; n2[1]      ; disp1[1]    ; 7.048 ; 7.048 ; 7.048 ; 7.048 ;
; n2[1]      ; disp1[2]    ; 7.046 ; 7.046 ; 7.046 ; 7.046 ;
; n2[1]      ; disp1[3]    ; 7.330 ; 7.330 ; 7.330 ; 7.330 ;
; n2[1]      ; disp1[4]    ; 6.931 ; 6.931 ; 6.931 ; 6.931 ;
; n2[1]      ; disp1[5]    ; 7.205 ; 7.205 ; 7.205 ; 7.205 ;
; n2[1]      ; disp1[6]    ; 7.217 ; 7.217 ; 7.217 ; 7.217 ;
; n2[1]      ; disp2[0]    ; 8.318 ; 8.318 ; 8.318 ; 8.318 ;
; n2[1]      ; disp2[2]    ; 8.184 ; 8.184 ; 8.184 ; 8.184 ;
; n2[1]      ; disp2[3]    ; 8.184 ; 8.184 ; 8.184 ; 8.184 ;
; n2[1]      ; disp2[4]    ; 7.871 ; 7.871 ; 7.871 ; 7.871 ;
; n2[1]      ; disp2[5]    ; 8.176 ; 8.176 ; 8.176 ; 8.176 ;
; n2[1]      ; disp2[6]    ; 7.934 ; 7.934 ; 7.934 ; 7.934 ;
; n2[2]      ; disp1[0]    ; 7.704 ; 7.704 ; 7.704 ; 7.704 ;
; n2[2]      ; disp1[1]    ; 7.604 ; 7.604 ; 7.604 ; 7.604 ;
; n2[2]      ; disp1[2]    ; 7.597 ; 7.597 ; 7.597 ; 7.597 ;
; n2[2]      ; disp1[3]    ; 7.228 ; 7.228 ; 7.228 ; 7.228 ;
; n2[2]      ; disp1[4]    ; 7.486 ; 7.486 ; 7.486 ; 7.486 ;
; n2[2]      ; disp1[5]    ; 7.185 ; 7.185 ; 7.185 ; 7.185 ;
; n2[2]      ; disp1[6]    ; 7.328 ; 7.328 ; 7.328 ; 7.328 ;
; n2[2]      ; disp2[0]    ; 8.531 ; 8.339 ; 8.339 ; 8.531 ;
; n2[2]      ; disp2[2]    ; 8.205 ; 8.397 ; 8.397 ; 8.205 ;
; n2[2]      ; disp2[3]    ; 8.397 ; 8.205 ; 8.205 ; 8.397 ;
; n2[2]      ; disp2[4]    ; 8.224 ; 8.224 ; 8.224 ; 8.224 ;
; n2[2]      ; disp2[5]    ; 8.197 ; 8.389 ; 8.389 ; 8.197 ;
; n2[2]      ; disp2[6]    ; 8.147 ; 7.955 ; 7.955 ; 8.147 ;
; n2[3]      ; disp1[0]    ; 7.499 ; 7.499 ; 7.499 ; 7.499 ;
; n2[3]      ; disp1[1]    ; 7.397 ; 7.397 ; 7.397 ; 7.397 ;
; n2[3]      ; disp1[2]    ; 7.401 ; 7.401 ; 7.401 ; 7.401 ;
; n2[3]      ; disp1[3]    ; 6.985 ; 6.985 ; 6.985 ; 6.985 ;
; n2[3]      ; disp1[4]    ; 7.279 ; 7.279 ; 7.279 ; 7.279 ;
; n2[3]      ; disp1[5]    ; 6.942 ; 6.942 ; 6.942 ; 6.942 ;
; n2[3]      ; disp1[6]    ; 7.085 ; 7.085 ; 7.085 ; 7.085 ;
; n2[3]      ; disp2[0]    ; 8.342 ; 8.270 ; 8.270 ; 8.342 ;
; n2[3]      ; disp2[2]    ; 8.136 ; 8.208 ; 8.208 ; 8.136 ;
; n2[3]      ; disp2[3]    ; 8.208 ; 8.136 ; 8.136 ; 8.208 ;
; n2[3]      ; disp2[4]    ; 8.052 ; 8.052 ; 8.052 ; 8.052 ;
; n2[3]      ; disp2[5]    ; 8.128 ; 8.200 ; 8.200 ; 8.128 ;
; n2[3]      ; disp2[6]    ; 7.958 ; 7.886 ; 7.886 ; 7.958 ;
; tr0        ; disp1[0]    ; 4.171 ; 4.171 ; 4.171 ; 4.171 ;
; tr0        ; disp1[1]    ; 4.074 ; 4.074 ; 4.074 ; 4.074 ;
; tr0        ; disp1[2]    ; 4.066 ; 4.066 ; 4.066 ; 4.066 ;
; tr0        ; disp1[3]    ; 4.358 ; 4.358 ; 4.358 ; 4.358 ;
; tr0        ; disp1[4]    ; 3.956 ; 3.956 ; 3.956 ; 3.956 ;
; tr0        ; disp1[5]    ; 4.221 ; 4.221 ; 4.221 ; 4.221 ;
; tr0        ; disp1[6]    ; 4.111 ; 4.111 ; 4.111 ; 4.111 ;
; tr0        ; disp2[0]    ; 6.211 ; 6.211 ; 6.211 ; 6.211 ;
; tr0        ; disp2[2]    ; 6.077 ; 6.077 ; 6.077 ; 6.077 ;
; tr0        ; disp2[3]    ; 6.077 ; 6.077 ; 6.077 ; 6.077 ;
; tr0        ; disp2[4]    ; 5.761 ; 5.761 ; 5.761 ; 5.761 ;
; tr0        ; disp2[5]    ; 6.069 ; 6.069 ; 6.069 ; 6.069 ;
; tr0        ; disp2[6]    ; 5.827 ; 5.827 ; 5.827 ; 5.827 ;
+------------+-------------+-------+-------+-------+-------+


-------------------
; Clock Transfers ;
-------------------
Nothing to report.


---------------
; Report TCCS ;
---------------
No dedicated SERDES Transmitter circuitry present in device or used in design


---------------
; Report RSKM ;
---------------
No dedicated SERDES Receiver circuitry present in device or used in design


+------------------------------------------------+
; Unconstrained Paths                            ;
+---------------------------------+-------+------+
; Property                        ; Setup ; Hold ;
+---------------------------------+-------+------+
; Illegal Clocks                  ; 0     ; 0    ;
; Unconstrained Clocks            ; 0     ; 0    ;
; Unconstrained Input Ports       ; 9     ; 9    ;
; Unconstrained Input Port Paths  ; 117   ; 117  ;
; Unconstrained Output Ports      ; 13    ; 13   ;
; Unconstrained Output Port Paths ; 117   ; 117  ;
+---------------------------------+-------+------+


+------------------------------------+
; TimeQuest Timing Analyzer Messages ;
+------------------------------------+
Info: *******************************************************************
Info: Running Quartus II 32-bit TimeQuest Timing Analyzer
    Info: Version 13.0.1 Build 232 06/12/2013 Service Pack 1 SJ Web Edition
    Info: Processing started: Thu May 16 15:35:59 2019
Info: Command: quartus_sta Soma4bits -c Soma4bits
Info: qsta_default_script.tcl version: #1
Warning (20028): Parallel compilation is not licensed and has been disabled
Info (21077): Low junction temperature is 0 degrees C
Info (21077): High junction temperature is 85 degrees C
Critical Warning (332012): Synopsys Design Constraints File file not found: 'Soma4bits.sdc'. A Synopsys Design Constraints File is required by the TimeQuest Timing Analyzer to get proper timing constraints. Without it, the Compiler will not properly optimize the design.
Info (332142): No user constrained base clocks found in the design. Calling "derive_clocks -period 1.0"
Info (332096): The command derive_clocks did not find any clocks to derive.  No clocks were created or changed.
Warning (332068): No clocks defined in design.
Info: Found TIMEQUEST_REPORT_SCRIPT_INCLUDE_DEFAULT_ANALYSIS = ON
Info (332159): No clocks to report
Info: Analyzing Slow Model
Info (332140): No fmax paths to report
Info (332140): No Setup paths to report
Info (332140): No Hold paths to report
Info (332140): No Recovery paths to report
Info (332140): No Removal paths to report
Info (332140): No Minimum Pulse Width paths to report
Info (332001): The selected device family is not supported by the report_metastability command.
Info: Analyzing Fast Model
Info (332142): No user constrained base clocks found in the design. Calling "derive_clocks -period 1.0"
Info (332096): The command derive_clocks did not find any clocks to derive.  No clocks were created or changed.
Warning (332068): No clocks defined in design.
Info (332140): No Setup paths to report
Info (332140): No Hold paths to report
Info (332140): No Recovery paths to report
Info (332140): No Removal paths to report
Info (332140): No Minimum Pulse Width paths to report
Info (332001): The selected device family is not supported by the report_metastability command.
Info (332102): Design is not fully constrained for setup requirements
Info (332102): Design is not fully constrained for hold requirements
Info: Quartus II 32-bit TimeQuest Timing Analyzer was successful. 0 errors, 4 warnings
    Info: Peak virtual memory: 342 megabytes
    Info: Processing ended: Thu May 16 15:36:01 2019
    Info: Elapsed time: 00:00:02
    Info: Total CPU time (on all processors): 00:00:02


